<?xml version="1.0" encoding="UTF-8" ?>
<testsuite tests="2" failures="0" name="org.alfresco.bm.BM000XTest" time="180.102" errors="2" skipped="0">
  <properties>
[...]
</properties>
  <testcase classname="org.alfresco.bm.BM000XTest" name="runComplete" time="95.293">
    <error message="Test run failed to start in 10s." type="java.lang.RuntimeException">java.lang.RuntimeException: Test run failed to start in 10s.
	at org.alfresco.bm.tools.BMTestRunner.run(BMTestRunner.java:331)
	at org.alfresco.bm.BM000XTest.runComplete(BM000XTest.java:98)
	at java.base/jdk.internal.reflect.NativeMethodAccessorImpl.invoke0(Native Method)
	at java.base/jdk.internal.reflect.NativeMethodAccessorImpl.invoke(NativeMethodAccessorImpl.java:62)
	at java.base/jdk.internal.reflect.DelegatingMethodAccessorImpl.invoke(DelegatingMethodAccessorImpl.java:43)
	at java.base/java.lang.reflect.Method.invoke(Method.java:564)
	at org.junit.runners.model.FrameworkMethod$1.runReflectiveCall(FrameworkMethod.java:47)
	at org.junit.internal.runners.model.ReflectiveCallable.run(ReflectiveCallable.java:12)
	at org.junit.runners.model.FrameworkMethod.invokeExplosively(FrameworkMethod.java:44)
	at org.junit.internal.runners.statements.InvokeMethod.evaluate(InvokeMethod.java:17)
	at org.junit.runners.ParentRunner.runLeaf(ParentRunner.java:271)
	at org.junit.runners.BlockJUnit4ClassRunner.runChild(BlockJUnit4ClassRunner.java:70)
	at org.junit.runners.BlockJUnit4ClassRunner.runChild(BlockJUnit4ClassRunner.java:50)
	at org.junit.runners.ParentRunner$3.run(ParentRunner.java:238)
	at org.junit.runners.ParentRunner$1.schedule(ParentRunner.java:63)
	at org.junit.runners.ParentRunner.runChildren(ParentRunner.java:236)
	at org.junit.runners.ParentRunner.access$000(ParentRunner.java:53)
	at org.junit.runners.ParentRunner$2.evaluate(ParentRunner.java:229)
	at org.junit.runners.ParentRunner.run(ParentRunner.java:309)
	at org.apache.maven.surefire.junit4.JUnit4Provider.execute(JUnit4Provider.java:252)
	at org.apache.maven.surefire.junit4.JUnit4Provider.executeTestSet(JUnit4Provider.java:141)
	at org.apache.maven.surefire.junit4.JUnit4Provider.invoke(JUnit4Provider.java:112)
	at java.base/jdk.internal.reflect.NativeMethodAccessorImpl.invoke0(Native Method)
	at java.base/jdk.internal.reflect.NativeMethodAccessorImpl.invoke(NativeMethodAccessorImpl.java:62)
	at java.base/jdk.internal.reflect.DelegatingMethodAccessorImpl.invoke(DelegatingMethodAccessorImpl.java:43)
	at java.base/java.lang.reflect.Method.invoke(Method.java:564)
	at org.apache.maven.surefire.util.ReflectionUtils.invokeMethodWithArray(ReflectionUtils.java:189)
	at org.apache.maven.surefire.booter.ProviderFactory$ProviderProxy.invoke(ProviderFactory.java:165)
	at org.apache.maven.surefire.booter.ProviderFactory.invokeProvider(ProviderFactory.java:85)
	at org.apache.maven.surefire.booter.ForkedBooter.runSuitesInProcess(ForkedBooter.java:115)
	at org.apache.maven.surefire.booter.ForkedBooter.main(ForkedBooter.java:75)
</error>
    <system-out>Download V3_2:OS_X:B64 START
Download V3_2:OS_X:B64 DownloadSize: 63048091
Download V3_2:OS_X:B64 0% 1% 2% 3% 4% 5% 6% 7% 8% 9% 10% 11% 12% 13% 14% 15% 16% 17% 18% 19% 20% 21% 22% 23% 24% 25% 26% 27% 28% 29% 30% 31% 32% 33% 34% 35% 36% 37% 38% 39% 40% 41% 42% 43% 44% 45% 46% 47% 48% 49% 50% 51% 52% 53% 54% 55% 56% 57% 58% 59% 60% 61% 62% 63% 64% 65% 66% 67% 68% 69% 70% 71% 72% 73% 74% 75% 76% 77% 78% 79% 80% 81% 82% 83% 84% 85% 86% 87% 88% 89% 90% 91% 92% 93% 94% 95% 96% 97% 98% 99% 100% Download V3_2:OS_X:B64 downloaded with 12314kb/s
Download V3_2:OS_X:B64 DONE
Extract /Users/cn163848/.embedmongo/osx/mongodb-osx-x86_64-3.2.0.tgz START
Extract /Users/cn163848/.embedmongo/osx/mongodb-osx-x86_64-3.2.0.tgz extract mongodb-osx-x86_64-3.2.0/bin/mongod
Extract /Users/cn163848/.embedmongo/osx/mongodb-osx-x86_64-3.2.0.tgz noting left
Extract /Users/cn163848/.embedmongo/osx/mongodb-osx-x86_64-3.2.0.tgz DONE
[mongod output]note: noprealloc may hurt performance in many applications
[mongod output] 2018-12-21T13:30:45.808-0600 I CONTROL  [initandlisten] MongoDB starting : pid=49331 port=63349 dbpath=/var/folders/3_/yj94_1vx795dvpnk13nqzj_0dbt54j/T/embedmongo-db-7dfda826-98ed-4f5a-b895-14979c1d672c 64-bit host=CNCL02WJ24SG8WL
[mongod output] 2018-12-21T13:30:45.809-0600 I CONTROL  [initandlisten] db version v3.2.0
[mongod output] 2018-12-21T13:30:45.809-0600 I CONTROL  [initandlisten] git version: 45d947729a0315accb6d4f15a6b06be6d9c19fe7
[mongod output] 2018-12-21T13:30:45.809-0600 I CONTROL  [initandlisten] allocator: system
[mongod output] 2018-12-21T13:30:45.809-0600 I CONTROL  [initandlisten] modules: none
[mongod output] 2018-12-21T13:30:45.809-0600 I CONTROL  [initandlisten] build environment:
[mongod output] 2018-12-21T13:30:45.809-0600 I CONTROL  [initandlisten]     distarch: x86_64
[mongod output] 2018-12-21T13:30:45.809-0600 I CONTROL  [initandlisten]     target_arch: x86_64
[mongod output] 2018-12-21T13:30:45.809-0600 I CONTROL  [initandlisten] options: { net: { http: { enabled: false }, port: 63349 }, security: { authorization: &quot;disabled&quot; }, storage: { dbPath: &quot;/var/folders/3_/yj94_1vx795dvpnk13nqzj_0dbt54j/T/embedmongo-db-7dfda826-98ed-4f5a-b895-14979c1d672c&quot;, journal: { enabled: false }, mmapv1: { preallocDataFiles: false, smallFiles: true }, syncPeriodSecs: 0.0 } }
[mongod output] 2018-12-21T13:30:45.811-0600 I STORAGE  [initandlisten] wiredtiger_open config: create,cache_size=9G,session_max=20000,eviction=(threads_max=4),config_base=false,statistics=(fast),log=(enabled=true,archive=true,path=journal,compressor=snappy),file_manager=(close_idle_time=100000),checkpoint=(wait=0,log_size=2GB),statistics_log=(wait=0),,log=(enabled=false),
[mongod output] 2018-12-21T13:30:46.036-0600 W STORAGE  [initandlisten] Detected configuration for non-active storage engine mmapv1 when current storage engine is wiredTiger
[mongod output] 2018-12-2018-12-21T13:30:46.123-0600 I NETWORK  [initandlisten] waiting for connections on port 63349
[mongod output] 2018-12-21T13:30:46.353-0600 I NETWORK  [initandlisten] connection accepted from 127.0.0.1:63353 #1 (1 connection now open)
[mongod output] 2018-12-21T13:30:46.727-0600 I NETWORK  [initandlisten] connection accepted from 127.0.0.1:63354 #2 (2 connections now open)
[mongod output] 13:30:46,727 [        main] [ INFO] [                 MongoClientFactory: 124] - New MongoDB client created using URL: mongodb://localhost:63349/?connectTimeoutMS=5000&amp;socketTimeoutMS=60000&amp;safe=true
2018-12-21T13:30:46.785-0600 I NETWORK  [initandlisten] connection accepted from 127.0.0.1:63355 #3 (3 connections now open)
[mongod output] 2018-12-21T13:30:46.792-0600 W COMMAND  [conn3] the autoIndexId option is deprecated and will be removed in a future release
[mongod output] 2018-12-21T13:30:46.928-0600 I NETWORK  [initandlisten] connection accepted from 127.0.0.1:63356 #4 (4 connections now open)
[mongod output] 13:30:46,928 [        main] [ INFO] [                 MongoClientFactory: 124] - New MongoDB client created using URL: mongodb://localhost:63349/?connectTimeoutMS=5000&amp;socketTimeoutMS=60000&amp;safe=true
13:30:46,932 [        main] [DEBUG] [                LifecycleController: 140] - Starting components: appLifeCycleController
13:30:46,932 [        main] [DEBUG] [                LifecycleController: 147] -    Starting component: org.alfresco.bm.log.LogWatcher
13:30:46,933 [        main] [DEBUG] [                LifecycleController: 154] -    Started component: org.alfresco.bm.log.LogWatcher
13:30:46,933 [        main] [DEBUG] [                LifecycleController: 147] -    Starting component: org.alfresco.bm.log.MongoLogService
2018-12-21T13:30:46.984-0600 I INDEX    [conn3] build index on: bm21-log.test.logs properties: { v: 1, key: { time: -1 }, name: &quot;time_-1&quot;, ns: &quot;bm21-log.test.logs&quot; }
[mongod output] 2018-12-21T13:30:46.984-0600 I INDEX    [conn3] 	 building index using bulk method
[mongod output] 2018-12-21T13:30:46.994-0600 I INDEX    [conn3] build index done.  scanned 0 total records. 0 secs
[mongod output] 2018-12-21T13:30:47.035-0600 I INDEX    [conn3] build index on: bm21-log.test.logs properties: { v: 1, key: { d_id: 1, time: -1 }, name: &quot;d_id_1_time_-1&quot;, ns: &quot;bm21-log.test.logs&quot; }
[mongod output] 2018-12-21T13:30:47.035-0600 I INDEX    [conn3] 	 building index using bulk method
[mongod output] 2018-12-21T13:30:47.050-0600 I INDEX    [conn3] build index done.  scanned 0 total records. 0 secs
[mongod output] 2018-12-21T13:30:47.090-0600 I INDEX    [conn3] build index on: bm21-log.test.logs properties: { v: 1, key: { t: 1, time: -1 }, name: &quot;t_1_time_-1&quot;, ns: &quot;bm21-log.test.logs&quot; }
[mongod output] 2018-12-21T13:30:47.090-0600 I INDEX    [conn3] 	 building index using bulk method
[mongod output] 2018-12-21T13:30:47.100-0600 I INDEX    [conn3] build index done.  scanned 0 total records. 0 secs
[mongod output] 2018-12-21T13:30:47.138-0600 I INDEX    [conn3] build index on: bm21-log.test.logs properties: { v: 1, key: { tr: 1, time: -1 }, name: &quot;tr_1_time_-1&quot;, ns: &quot;bm21-log.test.logs&quot; }
[mongod output] 2018-12-21T13:30:47.138-0600 I INDEX    [conn3] 	 building index using bulk method
[mongod output] 2018-12-21T13:30:47.149-0600 I INDEX    [conn3] build index done.  scanned 0 total records. 0 secs
[mongod output] 13:30:47,149 [        main] [DEBUG] [                LifecycleController: 154] -    Started component: org.alfresco.bm.log.MongoLogService
13:30:47,150 [        main] [DEBUG] [                LifecycleController: 147] -    Starting component: org.alfresco.bm.test.mongo.MongoTestDAO
2018-12-21T13:30:47.151-0600 I COMMAND  [conn3] CMD: dropIndexes bm21-config.test.drivers
[mongod output] 2018-12-21T13:30:47.155-0600 I COMMAND  [conn3] CMD: dropIndexes bm21-config.test.defs
[mongod output] 2018-12-21T13:30:47.156-0600 I COMMAND  [conn3] CMD: dropIndexes bm21-config.tests
[mongod output] 2018-12-21T13:30:47.158-0600 I COMMAND  [conn3] CMD: dropIndexes bm21-config.test.runs
[mongod output] 2018-12-21T13:30:47.159-0600 I COMMAND  [conn3] CMD: dropIndexes bm21-config.test.props
[mongod output] 2018-12-21T13:30:47.160-0600 I COMMAND  [conn3] CMD: dropIndexes bm21-config.test.drivers
[mongod output] 2018-12-21T13:30:47.161-0600 I COMMAND  [conn3] CMD: dropIndexes bm21-config.test.defs
[mongod output] 2018-12-21T13:30:47.162-0600 I COMMAND  [conn3] CMD: dropIndexes bm21-config.tests
[mongod output] 2018-12-21T13:30:47.162-0600 I COMMAND  [conn3] CMD: dropIndexes bm21-config.test.runs
[mongod output] 2018-12-21T13:30:47.163-0600 I COMMAND  [conn3] CMD: dropIndexes bm21-config.test.props
[mongod output] 2018-12-21T13:30:47.164-0600 I COMMAND  [conn3] CMD: dropIndexes bm21-config.test.drivers
[mongod output] 2018-12-21T13:30:47.165-0600 I COMMAND  [conn3] CMD: dropIndexes bm21-config.test.defs
[mongod output] 2018-12-21T13:30:47.165-0600 I COMMAND  [conn3] CMD: dropIndexes bm21-config.tests
[mongod output] 2018-12-21T13:30:47.166-0600 I COMMAND  [conn3] CMD: dropIndexes bm21-config.test.runs
[mongod output] 2018-12-21T13:30:47.166-0600 I COMMAND  [conn3] CMD: dropIndexes bm21-config.test.props
[mongod output] 2018-12-21T13:30:47.167-0600 I COMMAND  [conn3] CMD: dropIndexes bm21-config.test.drivers
[mongod output] 2018-12-21T13:30:47.168-0600 I COMMAND  [conn3] CMD: dropIndexes bm21-config.test.defs
[mongod output] 2018-12-21T13:30:47.169-0600 I COMMAND  [conn3] CMD: dropIndexes bm21-config.tests
[mongod output] 2018-12-21T13:30:47.170-0600 I COMMAND  [conn3] CMD: dropIndexes bm21-config.test.runs
[mongod output] 2018-12-21T13:30:47.171-0600 I COMMAND  [conn3] CMD: dropIndexes bm21-config.test.props
[mongod output] 2018-12-21T13:30:47.171-0600 I COMMAND  [conn3] CMD: dropIndexes bm21-config.test.drivers
[mongod output] 2018-12-21T13:30:47.172-0600 I COMMAND  [conn3] CMD: dropIndexes bm21-config.test.defs
[mongod output] 2018-12-21T13:30:47.173-0600 I COMMAND  [conn3] CMD: dropIndexes bm21-config.tests
[mongod output] 2018-12-21T13:30:47.173-0600 I COMMAND  [conn3] CMD: dropIndexes bm21-config.test.runs
[mongod output] 2018-12-21T13:30:47.174-0600 I COMMAND  [conn3] CMD: dropIndexes bm21-config.test.props
[mongod output] 2018-12-21T13:30:47.174-0600 I COMMAND  [conn3] CMD: dropIndexes bm21-config.test.drivers
[mongod output] 2018-12-21T13:30:47.175-0600 I COMMAND  [conn3] CMD: dropIndexes bm21-config.test.defs
[mongod output] 2018-12-21T13:30:47.176-0600 I COMMAND  [conn3] CMD: dropIndexes bm21-config.tests
[mongod output] 2018-12-21T13:30:47.176-0600 I COMMAND  [conn3] CMD: dropIndexes bm21-config.test.runs
[mongod output] 2018-12-21T13:30:47.177-0600 I COMMAND  [conn3] CMD: dropIndexes bm21-config.test.props
[mongod output] 2018-12-21T13:30:47.177-0600 I COMMAND  [conn3] CMD: dropIndexes bm21-config.test.drivers
[mongod output] 2018-12-21T13:30:47.178-0600 I COMMAND  [conn3] CMD: dropIndexes bm21-config.test.defs
[mongod output] 2018-12-21T13:30:47.178-0600 I COMMAND  [conn3] CMD: dropIndexes bm21-config.tests
[mongod output] 2018-12-21T13:30:47.179-0600 I COMMAND  [conn3] CMD: dropIndexes bm21-config.test.runs
[mongod output] 2018-12-21T13:30:47.180-0600 I COMMAND  [conn3] CMD: dropIndexes bm21-config.test.props
[mongod output] 2018-12-21T13:30:47.180-0600 I COMMAND  [conn3] CMD: dropIndexes bm21-config.test.drivers
[mongod output] 2018-12-21T13:30:47.181-0600 I COMMAND  [conn3] CMD: dropIndexes bm21-config.test.defs
[mongod output] 2018-12-21T13:30:47.182-0600 I COMMAND  [conn3] CMD: dropIndexes bm21-config.tests
[mongod output] 2018-12-21T13:30:47.183-0600 I COMMAND  [conn3] CMD: dropIndexes bm21-config.test.runs
[mongod output] 2018-12-21T13:30:47.183-0600 I COMMAND  [conn3] CMD: dropIndexes bm21-config.test.props
[mongod output] 2018-12-21T13:30:47.303-0600 I INDEX    [conn3] build index on: bm21-config.test.drivers properties: { v: 1, key: { release: 1, schema: 1, ipAddress: 1 }, name: &quot;TEST_DRIVERS_RELEASE_SCHEMA_IPADDRESS&quot;, ns: &quot;bm21-config.test.drivers&quot; }
[mongod output] 2018-12-21T13:30:47.303-0600 I INDEX    [conn3] 	 building index using bulk method
[mongod output] 2018-12-21T13:30:47.316-0600 I INDEX    [conn3] build index done.  scanned 0 total records. 0 secs
[mongod output] 2018-12-21T13:30:47.316-0600 I COMMAND  [conn3] command bm21-config.$cmd command: createIndexes { createIndexes: &quot;test.drivers&quot;, indexes: [ { key: { release: 1, schema: 1, ipAddress: 1 }, name: &quot;TEST_DRIVERS_RELEASE_SCHEMA_IPADDRESS&quot;, ns: &quot;bm21-config.test.drivers&quot; } ] } ntoskip:0 keyUpdates:0 writeConflicts:0 numYields:0 reslen:113 locks:{ Global: { acquireCount: { r: 1, w: 1 } }, Database: { acquireCount: { W: 1 } }, Collection: { acquireCount: { w: 1 } } } protocol:op_query 131ms
[mongod output] 2018-12-21T13:30:47.363-0600 I INDEX    [conn3] build index on: bm21-config.test.drivers properties: { v: 1, key: { ping.expires: -1, schema: 1, release: 1 }, name: &quot;TEST_DRIVERS_IDX_NAME_EXPIRES_SCHEMA_RELEASE&quot;, ns: &quot;bm21-config.test.drivers&quot; }
[mongod output] 2018-12-21T13:30:47.363-0600 I INDEX    [conn3] 	 building index using bulk method
[mongod output] 2018-12-21T13:30:47.374-0600 I INDEX    [conn3] build index done.  scanned 0 total records. 0 secs
[mongod output] 2018-12-21T13:30:47.513-0600 I INDEX    [conn3] build index on: bm21-config.test.defs properties: { v: 1, unique: true, key: { release: 1, schema: 1 }, name: &quot;TEST_DEFS_UNIQUE_RELEASE_SCHEMA&quot;, ns: &quot;bm21-config.test.defs&quot; }
[mongod output] 2018-12-21T13:30:47.513-0600 I INDEX    [conn3] 	 building index using bulk method
[mongod output] 2018-12-21T13:30:47.531-0600 I INDEX    [conn3] build index done.  scanned 0 total records. 0 secs
[mongod output] 2018-12-21T13:30:47.531-0600 I COMMAND  [conn3] command bm21-config.$cmd command: createIndexes { createIndexes: &quot;test.defs&quot;, indexes: [ { key: { release: 1, schema: 1 }, name: &quot;TEST_DEFS_UNIQUE_RELEASE_SCHEMA&quot;, ns: &quot;bm21-config.test.defs&quot;, unique: true } ] } ntoskip:0 keyUpdates:0 writeConflicts:0 numYields:0 reslen:113 locks:{ Global: { acquireCount: { r: 1, w: 1 } }, Database: { acquireCount: { W: 1 } }, Collection: { acquireCount: { w: 1 } } } protocol:op_query 156ms
[mongod output] 2018-12-21T13:30:47.668-0600 I INDEX    [conn3] build index on: bm21-config.tests properties: { v: 1, unique: true, key: { name: 1 }, name: &quot;TESTS_UNIQUE_NAME&quot;, ns: &quot;bm21-config.tests&quot; }
[mongod output] 2018-12-21T13:30:47.668-0600 I INDEX    [conn3] 	 building index using bulk method
[mongod output] 2018-12-21T13:30:47.680-0600 I INDEX    [conn3] build index done.  scanned 0 total records. 0 secs
[mongod output] 2018-12-21T13:30:47.681-0600 I COMMAND  [conn3] command bm21-config.$cmd command: createIndexes { createIndexes: &quot;tests&quot;, indexes: [ { key: { name: 1 }, name: &quot;TESTS_UNIQUE_NAME&quot;, ns: &quot;bm21-config.tests&quot;, unique: true } ] } ntoskip:0 keyUpdates:0 writeConflicts:0 numYields:0 reslen:113 locks:{ Global: { acquireCount: { r: 1, w: 1 } }, Database: { acquireCount: { W: 1 } }, Collection: { acquireCount: { w: 1 } } } protocol:op_query 147ms
[mongod output] 2018-12-21T13:30:47.723-0600 I INDEX    [conn3] build index on: bm21-config.tests properties: { v: 1, key: { name: 1, release: 1, schema: 1 }, name: &quot;TESTS_NAME_RELEASE_SCHEMA&quot;, ns: &quot;bm21-config.tests&quot; }
[mongod output] 2018-12-21T13:30:47.723-0600 I INDEX    [conn3] 	 building index using bulk method
[mongod output] 2018-12-21T13:30:47.739-0600 I INDEX    [conn3] build index done.  scanned 0 total records. 0 secs
[mongod output] 2018-12-21T13:30:47.871-0600 I INDEX    [conn3] build index on: bm21-config.test.runs properties: { v: 1, key: { name: 1 }, name: &quot;TEST_RUNS_NAME&quot;, ns: &quot;bm21-config.test.runs&quot; }
[mongod output] 2018-12-21T13:30:47.871-0600 I INDEX    [conn3] 	 building index using bulk method
[mongod output] 2018-12-21T13:30:47.882-0600 I INDEX    [conn3] build index done.  scanned 0 total records. 0 secs
[mongod output] 2018-12-21T13:30:47.882-0600 I COMMAND  [conn3] command bm21-config.$cmd command: createIndexes { createIndexes: &quot;test.runs&quot;, indexes: [ { key: { name: 1 }, name: &quot;TEST_RUNS_NAME&quot;, ns: &quot;bm21-config.test.runs&quot; } ] } ntoskip:0 keyUpdates:0 writeConflicts:0 numYields:0 reslen:113 locks:{ Global: { acquireCount: { r: 1, w: 1 } }, Database: { acquireCount: { W: 1 } }, Collection: { acquireCount: { w: 1 } } } protocol:op_query 142ms
[mongod output] 2018-12-21T13:30:47.926-0600 I INDEX    [conn3] build index on: bm21-config.test.runs properties: { v: 1, unique: true, key: { test: 1, name: 1 }, name: &quot;TEST_RUNS_UNIQUE_TEST_NAME&quot;, ns: &quot;bm21-config.test.runs&quot; }
[mongod output] 2018-12-21T13:30:47.926-0600 I INDEX    [conn3] 	 building index using bulk method
[mongod output] 2018-12-21T13:30:47.939-0600 I INDEX    [conn3] build index done.  scanned 0 total records. 0 secs
[mongod output] 2018-12-21T13:30:47.983-0600 I INDEX    [conn3] build index on: bm21-config.test.runs properties: { v: 1, key: { test: 1, state: 1, scheduled: 1 }, name: &quot;TEST_RUNS_TEST_STATE_SCHEDULED&quot;, ns: &quot;bm21-config.test.runs&quot; }
[mongod output] 2018-12-21T13:30:47.983-0600 I INDEX    [conn3] 	 building index using bulk method
[mongod output] 2018-12-21T13:30:47.995-0600 I INDEX    [conn3] build index done.  scanned 0 total records. 0 secs
[mongod output] 2018-12-21T13:30:48.119-0600 I INDEX    [conn3] build index on: bm21-config.test.props properties: { v: 1, unique: true, key: { test: 1, run: 1, name: 1 }, name: &quot;TEST_PROPS_UNIQUE_TEST_NAME&quot;, ns: &quot;bm21-config.test.props&quot; }
[mongod output] 2018-12-21T13:30:48.120-0600 I INDEX    [conn3] 	 building index using bulk method
[mongod output] 2018-12-21T13:30:48.133-0600 I INDEX    [conn3] build index done.  scanned 0 total records. 0 secs
[mongod output] 2018-12-21T13:30:48.133-0600 I COMMAND  [conn3] command bm21-config.$cmd command: createIndexes { createIndexes: &quot;test.props&quot;, indexes: [ { key: { test: 1, run: 1, name: 1 }, name: &quot;TEST_PROPS_UNIQUE_TEST_NAME&quot;, ns: &quot;bm21-config.test.props&quot;, unique: true } ] } ntoskip:0 keyUpdates:0 writeConflicts:0 numYields:0 reslen:113 locks:{ Global: { acquireCount: { r: 1, w: 1 } }, Database: { acquireCount: { W: 1 } }, Collection: { acquireCount: { w: 1 } } } protocol:op_query 136ms
[mongod output] 13:30:48,134 [        main] [DEBUG] [                LifecycleController: 154] -    Started component: org.alfresco.bm.test.mongo.MongoTestDAO
13:30:48,135 [        main] [DEBUG] [                LifecycleController: 147] -    Starting component: org.alfresco.bm.test.TestDefaults
13:30:48,143 [        main] [DEBUG] [                LifecycleController: 154] -    Started component: org.alfresco.bm.test.TestDefaults
13:30:48,143 [        main] [DEBUG] [                LifecycleController: 147] -    Starting component: org.alfresco.bm.test.Test
13:30:48,176 [        main] [DEBUG] [                LifecycleController: 154] -    Started component: org.alfresco.bm.test.Test
13:30:48,177 [        main] [DEBUG] [                LifecycleController: 147] -    Starting component: org.alfresco.bm.test.TestRunServicesCache
13:30:48,177 [        main] [DEBUG] [                LifecycleController: 154] -    Started component: org.alfresco.bm.test.TestRunServicesCache
13:30:48,177 [        main] [DEBUG] [                LifecycleController: 184] - Started components: appLifeCycleController
13:30:48,220 [        main] [ INFO] [                       BMTestRunner: 299] - Starting test run: BMTestRunner_1545420648202
{ &quot;_id&quot; : { &quot;$oid&quot; : &quot;5c1d3f68a469d8bcb5f89841&quot;} , &quot;test&quot; : { &quot;$oid&quot; : &quot;5c1d3f68a469d8bcb5f8983e&quot;} , &quot;name&quot; : &quot;BMTestRunner_1545420648202&quot; , &quot;version&quot; : 0 , &quot;description&quot; : &quot;Test run created by BMTestRunner on Fri Dec 21 13:30:48 CST 2018&quot; , &quot;state&quot; : &quot;NOT_SCHEDULED&quot; , &quot;scheduled&quot; : -1 , &quot;started&quot; : -1 , &quot;stopped&quot; : -1 , &quot;completed&quot; : -1 , &quot;duration&quot; : 0 , &quot;progress&quot; : 0.0 , &quot;resultsSuccess&quot; : 0 , &quot;resultsFail&quot; : 0 , &quot;resultsTotal&quot; : 0 , &quot;successRate&quot; : 1.0 , &quot;drivers&quot; : [ ] , &quot;properties&quot; : [ { &quot;default&quot; : &quot;100&quot; , &quot;hide&quot; : &quot;true&quot; , &quot;min&quot; : &quot;0&quot; , &quot;max&quot; : &quot;2147483647&quot; , &quot;name&quot; : &quot;proc.scheduleBatchSize&quot; , &quot;description&quot; : &quot;&quot; , &quot;type&quot; : &quot;INT&quot; , &quot;title&quot; : &quot;proc.scheduleBatchSize&quot; , &quot;group&quot; : &quot;Process Values&quot; , &quot;mask&quot; : &quot;false&quot; , &quot;version&quot; : 0 , &quot;origin&quot; : &quot;DEFAULTS&quot;} , { &quot;default&quot; : &quot;procCentral&quot; , &quot;hide&quot; : &quot;false&quot; , &quot;regex&quot; : &quot;[a-zA-Z0-9]*&quot; , &quot;min&quot; : &quot;0&quot; , &quot;max&quot; : &quot;128&quot; , &quot;name&quot; : &quot;proc.dataMirror&quot; , &quot;description&quot; : &quot;A name representing the remote data\nAs processes are created, they will be recorded against this name.\nAlphanumeric values only.&quot; , &quot;type&quot; : &quot;STRING&quot; , &quot;title&quot; : &quot;Data Mirror Name&quot; , &quot;group&quot; : &quot;Process Values&quot; , &quot;mask&quot; : &quot;false&quot; , &quot;version&quot; : 0 , &quot;origin&quot; : &quot;DEFAULTS&quot;} , { &quot;default&quot; : &quot;mongodb://${mongo.test.host}/?safe=true&amp;connectTimeoutMS=${mongo.test.connectTimeoutMS}&amp;socketTimeoutMS=${mongo.test.socketTimeoutMS}&amp;maxPoolSize=${mongo.test.maxPoolSize}&quot; , &quot;hide&quot; : &quot;true&quot; , &quot;regex&quot; : &quot;mongodb://.*/.*&quot; , &quot;min&quot; : &quot;0&quot; , &quot;max&quot; : &quot;128&quot; , &quot;name&quot; : &quot;mongo.test.uri&quot; , &quot;description&quot; : &quot;&quot; , &quot;type&quot; : &quot;STRING&quot; , &quot;title&quot; : &quot;mongo.test.uri&quot; , &quot;group&quot; : &quot;MongoDB Connection&quot; , &quot;mask&quot; : &quot;false&quot; , &quot;version&quot; : 0 , &quot;origin&quot; : &quot;DEFAULTS&quot;} , { &quot;default&quot; : &quot;200&quot; , &quot;hide&quot; : &quot;false&quot; , &quot;min&quot; : &quot;0&quot; , &quot;max&quot; : &quot;2147483647&quot; , &quot;name&quot; : &quot;proc.processCount&quot; , &quot;description&quot; : &quot;The number of processes to trigger&quot; , &quot;type&quot; : &quot;INT&quot; , &quot;title&quot; : &quot;Process Count&quot; , &quot;group&quot; : &quot;Process Values&quot; , &quot;mask&quot; : &quot;false&quot; , &quot;version&quot; : 0 , &quot;origin&quot; : &quot;DEFAULTS&quot;} , { &quot;default&quot; : &quot;true&quot; , &quot;hide&quot; : &quot;true&quot; , &quot;name&quot; : &quot;events.threads.waitForCompletion&quot; , &quot;description&quot; : &quot;&quot; , &quot;type&quot; : &quot;BOOLEAN&quot; , &quot;title&quot; : &quot;events.threads.waitForCompletion&quot; , &quot;group&quot; : &quot;Events and Threads&quot; , &quot;mask&quot; : &quot;false&quot; , &quot;version&quot; : 0 , &quot;origin&quot; : &quot;DEFAULTS&quot;} , { &quot;default&quot; : &quot;******&quot; , &quot;hide&quot; : &quot;false&quot; , &quot;regex&quot; : &quot;.*&quot; , &quot;min&quot; : &quot;0&quot; , &quot;max&quot; : &quot;128&quot; , &quot;name&quot; : &quot;files.ftp.password&quot; , &quot;description&quot; : &quot;&quot; , &quot;type&quot; : &quot;STRING&quot; , &quot;title&quot; : &quot;FTP Password&quot; , &quot;group&quot; : &quot;Test Files&quot; , &quot;mask&quot; : &quot;true&quot; , &quot;version&quot; : 0 , &quot;origin&quot; : &quot;DEFAULTS&quot;} , { &quot;max&quot; : &quot;128&quot; , &quot;description&quot; : &quot;The time unit (see java.util.concurrent.TimeUnit)&quot; , &quot;title&quot; : &quot;Test Duration Unit&quot; , &quot;type&quot; : &quot;STRING&quot; , &quot;default&quot; : &quot;SECONDS&quot; , &quot;hide&quot; : &quot;false&quot; , &quot;regex&quot; : &quot;.*&quot; , &quot;min&quot; : &quot;0&quot; , &quot;name&quot; : &quot;test.durationUnit&quot; , &quot;choice&quot; : &quot;[\&quot;SECONDS\&quot;, \&quot;MINUTES\&quot;, \&quot;HOURS\&quot;, \&quot;DAYS\&quot;]&quot; , &quot;group&quot; : &quot;Test Controls&quot; , &quot;mask&quot; : &quot;false&quot; , &quot;version&quot; : 0 , &quot;origin&quot; : &quot;DEFAULTS&quot;} , { &quot;default&quot; : &quot;******&quot; , &quot;hide&quot; : &quot;false&quot; , &quot;regex&quot; : &quot;.*&quot; , &quot;min&quot; : &quot;6&quot; , &quot;max&quot; : &quot;16&quot; , &quot;name&quot; : &quot;proc.pwd&quot; , &quot;description&quot; : &quot;The password for the user executing the process.&quot; , &quot;type&quot; : &quot;STRING&quot; , &quot;title&quot; : &quot;Process User Password&quot; , &quot;group&quot; : &quot;Process Values&quot; , &quot;mask&quot; : &quot;true&quot; , &quot;version&quot; : 0 , &quot;origin&quot; : &quot;DEFAULTS&quot;} , { &quot;default&quot; : &quot;admin&quot; , &quot;hide&quot; : &quot;false&quot; , &quot;regex&quot; : &quot;[a-z]*&quot; , &quot;min&quot; : &quot;0&quot; , &quot;max&quot; : &quot;128&quot; , &quot;name&quot; : &quot;proc.user&quot; , &quot;description&quot; : &quot;The user to execute the process.  Lowercase letters only.&quot; , &quot;type&quot; : &quot;STRING&quot; , &quot;title&quot; : &quot;Process User&quot; , &quot;group&quot; : &quot;Process Values&quot; , &quot;mask&quot; : &quot;false&quot; , &quot;version&quot; : 0 , &quot;origin&quot; : &quot;DEFAULTS&quot;} , { &quot;default&quot; : &quot;21&quot; , &quot;hide&quot; : &quot;false&quot; , &quot;min&quot; : &quot;0&quot; , &quot;max&quot; : &quot;2147483647&quot; , &quot;name&quot; : &quot;files.ftp.port&quot; , &quot;description&quot; : &quot;&quot; , &quot;type&quot; : &quot;INT&quot; , &quot;title&quot; : &quot;FTP Port&quot; , &quot;group&quot; : &quot;Test Files&quot; , &quot;mask&quot; : &quot;false&quot; , &quot;version&quot; : 0 , &quot;origin&quot; : &quot;DEFAULTS&quot;} , { &quot;default&quot; : &quot;&quot; , &quot;hide&quot; : &quot;false&quot; , &quot;regex&quot; : &quot;[a-zA-Z0-9]*$&quot; , &quot;min&quot; : &quot;0&quot; , &quot;max&quot; : &quot;128&quot; , &quot;name&quot; : &quot;mongo.test.username&quot; , &quot;description&quot; : &quot;&quot; , &quot;type&quot; : &quot;STRING&quot; , &quot;title&quot; : &quot;mongo.test.username&quot; , &quot;group&quot; : &quot;MongoDB Connection&quot; , &quot;mask&quot; : &quot;false&quot; , &quot;version&quot; : 0 , &quot;origin&quot; : &quot;DEFAULTS&quot;} , { &quot;default&quot; : &quot;localhost:63349&quot; , &quot;hide&quot; : &quot;false&quot; , &quot;regex&quot; : &quot;[a-zA-Z0-9][a-zA-Z0-9.]*:[0-9]*$&quot; , &quot;min&quot; : &quot;0&quot; , &quot;max&quot; : &quot;128&quot; , &quot;name&quot; : &quot;mongo.test.host&quot; , &quot;description&quot; : &quot;The MongoDB server and port to connect to e.g. 127.0.0.1:27017&quot; , &quot;type&quot; : &quot;STRING&quot; , &quot;title&quot; : &quot;mongo.test.host&quot; , &quot;group&quot; : &quot;MongoDB Connection&quot; , &quot;mask&quot; : &quot;false&quot; , &quot;version&quot; : 0 , &quot;origin&quot; : &quot;TEST&quot;} , { &quot;default&quot; : &quot;${java.io.tmpdir}/bm/downloaded-files&quot; , &quot;hide&quot; : &quot;false&quot; , &quot;regex&quot; : &quot;.*&quot; , &quot;min&quot; : &quot;0&quot; , &quot;max&quot; : &quot;128&quot; , &quot;name&quot; : &quot;files.download.dir&quot; , &quot;description&quot; : &quot;Location where files can be written during download testing.&quot; , &quot;type&quot; : &quot;STRING&quot; , &quot;title&quot; : &quot;Download Directory&quot; , &quot;group&quot; : &quot;Test Files&quot; , &quot;mask&quot; : &quot;false&quot; , &quot;version&quot; : 0 , &quot;origin&quot; : &quot;DEFAULTS&quot;} , { &quot;default&quot; : &quot;mirrors.cached.files&quot; , &quot;hide&quot; : &quot;false&quot; , &quot;regex&quot; : &quot;.*&quot; , &quot;min&quot; : &quot;0&quot; , &quot;max&quot; : &quot;128&quot; , &quot;name&quot; : &quot;files.collection.name&quot; , &quot;description&quot; : &quot;The name of a MongoDB collection to store locally cached test content.  The format is &apos;mirror.abc.files&apos;.&quot; , &quot;type&quot; : &quot;STRING&quot; , &quot;title&quot; : &quot;Test Files Cache Mirror Name&quot; , &quot;group&quot; : &quot;Data Mirrors&quot; , &quot;mask&quot; : &quot;false&quot; , &quot;version&quot; : 0 , &quot;origin&quot; : &quot;DEFAULTS&quot;} , { &quot;default&quot; : &quot;anonymous&quot; , &quot;hide&quot; : &quot;false&quot; , &quot;regex&quot; : &quot;.*&quot; , &quot;min&quot; : &quot;0&quot; , &quot;max&quot; : &quot;128&quot; , &quot;name&quot; : &quot;files.ftp.username&quot; , &quot;description&quot; : &quot;&quot; , &quot;type&quot; : &quot;STRING&quot; , &quot;title&quot; : &quot;FTP Username&quot; , &quot;group&quot; : &quot;Test Files&quot; , &quot;mask&quot; : &quot;false&quot; , &quot;version&quot; : 0 , &quot;origin&quot; : &quot;DEFAULTS&quot;} , { &quot;default&quot; : &quot;5000&quot; , &quot;hide&quot; : &quot;true&quot; , &quot;min&quot; : &quot;0&quot; , &quot;max&quot; : &quot;2147483647&quot; , &quot;name&quot; : &quot;mongo.test.connectTimeoutMS&quot; , &quot;description&quot; : &quot;&quot; , &quot;type&quot; : &quot;INT&quot; , &quot;title&quot; : &quot;mongo.test.connectTimeoutMS&quot; , &quot;group&quot; : &quot;MongoDB Connection&quot; , &quot;mask&quot; : &quot;false&quot; , &quot;version&quot; : 0 , &quot;origin&quot; : &quot;DEFAULTS&quot;} , { &quot;default&quot; : &quot;${events.threads.count}&quot; , &quot;hide&quot; : &quot;true&quot; , &quot;min&quot; : &quot;0&quot; , &quot;max&quot; : &quot;2147483647&quot; , &quot;name&quot; : &quot;mongo.test.maxPoolSize&quot; , &quot;description&quot; : &quot;&quot; , &quot;type&quot; : &quot;INT&quot; , &quot;title&quot; : &quot;mongo.test.maxPoolSize&quot; , &quot;group&quot; : &quot;MongoDB Connection&quot; , &quot;mask&quot; : &quot;false&quot; , &quot;version&quot; : 0 , &quot;origin&quot; : &quot;DEFAULTS&quot;} , { &quot;default&quot; : &quot;/sites/www.linuxfromscratch.org/images&quot; , &quot;hide&quot; : &quot;false&quot; , &quot;regex&quot; : &quot;.*&quot; , &quot;min&quot; : &quot;0&quot; , &quot;max&quot; : &quot;128&quot; , &quot;name&quot; : &quot;files.ftp.path&quot; , &quot;description&quot; : &quot;Path on remote server containing test files&quot; , &quot;type&quot; : &quot;STRING&quot; , &quot;title&quot; : &quot;FTP Path&quot; , &quot;group&quot; : &quot;Test Files&quot; , &quot;mask&quot; : &quot;false&quot; , &quot;version&quot; : 0 , &quot;origin&quot; : &quot;DEFAULTS&quot;} , { &quot;default&quot; : &quot;60000&quot; , &quot;hide&quot; : &quot;true&quot; , &quot;min&quot; : &quot;0&quot; , &quot;max&quot; : &quot;2147483647&quot; , &quot;name&quot; : &quot;mongo.test.socketTimeoutMS&quot; , &quot;description&quot; : &quot;&quot; , &quot;type&quot; : &quot;INT&quot; , &quot;title&quot; : &quot;mongo.test.socketTimeoutMS&quot; , &quot;group&quot; : &quot;MongoDB Connection&quot; , &quot;mask&quot; : &quot;false&quot; , &quot;version&quot; : 0 , &quot;origin&quot; : &quot;DEFAULTS&quot;} , { &quot;default&quot; : &quot;${java.io.tmpdir}/test-files&quot; , &quot;hide&quot; : &quot;false&quot; , &quot;regex&quot; : &quot;.*&quot; , &quot;min&quot; : &quot;0&quot; , &quot;max&quot; : &quot;128&quot; , &quot;name&quot; : &quot;files.test.file.dir&quot; , &quot;description&quot; : &quot;Location of local test files for use during upload tests.  The contents of this folder must already exist.&quot; , &quot;type&quot; : &quot;STRING&quot; , &quot;title&quot; : &quot;Test File Directory&quot; , &quot;group&quot; : &quot;Test Files&quot; , &quot;mask&quot; : &quot;false&quot; , &quot;version&quot; : 0 , &quot;origin&quot; : &quot;DEFAULTS&quot;} , { &quot;default&quot; : &quot;${java.io.tmpdir}/bm/cached-files&quot; , &quot;hide&quot; : &quot;false&quot; , &quot;regex&quot; : &quot;.*&quot; , &quot;min&quot; : &quot;0&quot; , &quot;max&quot; : &quot;128&quot; , &quot;name&quot; : &quot;files.cache.dir&quot; , &quot;description&quot; : &quot;Path to location where test content will be cached for quick access.&quot; , &quot;type&quot; : &quot;STRING&quot; , &quot;title&quot; : &quot;Test File Cache&quot; , &quot;group&quot; : &quot;Test Files&quot; , &quot;mask&quot; : &quot;false&quot; , &quot;version&quot; : 0 , &quot;origin&quot; : &quot;DEFAULTS&quot;} , { &quot;default&quot; : &quot;16&quot; , &quot;hide&quot; : &quot;false&quot; , &quot;min&quot; : &quot;1&quot; , &quot;max&quot; : &quot;1024&quot; , &quot;name&quot; : &quot;events.threads.count&quot; , &quot;description&quot; : &quot;The number of threads each driver instance will have available to execute events.  This setting acts as a brake to prevent driver overload only; override and lower the default for tests that require high driver-side CPU processing; override and increase the default for tests that spend a lot of time waiting on the target server(s) to respond.&quot; , &quot;type&quot; : &quot;INT&quot; , &quot;title&quot; : &quot;Driver Thread Pool Size&quot; , &quot;group&quot; : &quot;Events and Threads&quot; , &quot;mask&quot; : &quot;false&quot; , &quot;version&quot; : 0 , &quot;origin&quot; : &quot;DEFAULTS&quot;} , { &quot;default&quot; : &quot;bm21-data&quot; , &quot;hide&quot; : &quot;false&quot; , &quot;regex&quot; : &quot;[a-zA-Z0-9-]*$&quot; , &quot;min&quot; : &quot;0&quot; , &quot;max&quot; : &quot;128&quot; , &quot;name&quot; : &quot;mongo.test.database&quot; , &quot;description&quot; : &quot;&quot; , &quot;type&quot; : &quot;STRING&quot; , &quot;title&quot; : &quot;mongo.test.database&quot; , &quot;group&quot; : &quot;MongoDB Connection&quot; , &quot;mask&quot; : &quot;false&quot; , &quot;version&quot; : 0 , &quot;origin&quot; : &quot;DEFAULTS&quot;} , { &quot;default&quot; : &quot;300&quot; , &quot;hide&quot; : &quot;false&quot; , &quot;min&quot; : &quot;1&quot; , &quot;max&quot; : &quot;2147483647&quot; , &quot;name&quot; : &quot;test.duration&quot; , &quot;description&quot; : &quot;The maximum length of time (expressed in SECONDS, MINUTES, HOURS or DAYS) for the test to run.&quot; , &quot;type&quot; : &quot;INT&quot; , &quot;title&quot; : &quot;Test Duration&quot; , &quot;group&quot; : &quot;Test Controls&quot; , &quot;mask&quot; : &quot;false&quot; , &quot;version&quot; : 0 , &quot;origin&quot; : &quot;DEFAULTS&quot;} , { &quot;default&quot; : &quot;4&quot; , &quot;hide&quot; : &quot;false&quot; , &quot;min&quot; : &quot;1&quot; , &quot;max&quot; : &quot;1000&quot; , &quot;name&quot; : &quot;events.threads.eventsPerSecondPerThread&quot; , &quot;description&quot; : &quot;The number of events that a particular thread from the thread pool can process per second.  This setting acts as a brake only; usually, the thread pool size should be tweaked.&quot; , &quot;type&quot; : &quot;INT&quot; , &quot;title&quot; : &quot;Driver Event Rate per Thread&quot; , &quot;group&quot; : &quot;Events and Threads&quot; , &quot;mask&quot; : &quot;false&quot; , &quot;version&quot; : 0 , &quot;origin&quot; : &quot;DEFAULTS&quot;} , { &quot;default&quot; : &quot;******&quot; , &quot;hide&quot; : &quot;false&quot; , &quot;regex&quot; : &quot;.*&quot; , &quot;min&quot; : &quot;0&quot; , &quot;max&quot; : &quot;128&quot; , &quot;name&quot; : &quot;mongo.test.password&quot; , &quot;description&quot; : &quot;&quot; , &quot;type&quot; : &quot;STRING&quot; , &quot;title&quot; : &quot;mongo.test.password&quot; , &quot;group&quot; : &quot;MongoDB Connection&quot; , &quot;mask&quot; : &quot;true&quot; , &quot;version&quot; : 0 , &quot;origin&quot; : &quot;DEFAULTS&quot;} , { &quot;default&quot; : &quot;100&quot; , &quot;hide&quot; : &quot;false&quot; , &quot;min&quot; : &quot;0&quot; , &quot;max&quot; : &quot;2147483647&quot; , &quot;name&quot; : &quot;proc.timeBetweenProcesses&quot; , &quot;description&quot; : &quot;Time in milliseconds between each process&quot; , &quot;type&quot; : &quot;INT&quot; , &quot;title&quot; : &quot;Process Delay&quot; , &quot;group&quot; : &quot;Process Values&quot; , &quot;mask&quot; : &quot;false&quot; , &quot;version&quot; : 0 , &quot;origin&quot; : &quot;DEFAULTS&quot;} , { &quot;default&quot; : &quot;ftp.mirrorservice.org&quot; , &quot;hide&quot; : &quot;false&quot; , &quot;regex&quot; : &quot;.*&quot; , &quot;min&quot; : &quot;0&quot; , &quot;max&quot; : &quot;128&quot; , &quot;name&quot; : &quot;files.ftp.host&quot; , &quot;description&quot; : &quot;&quot; , &quot;type&quot; : &quot;STRING&quot; , &quot;title&quot; : &quot;FTP Server Hostname&quot; , &quot;group&quot; : &quot;Test Files&quot; , &quot;mask&quot; : &quot;false&quot; , &quot;version&quot; : 0 , &quot;origin&quot; : &quot;DEFAULTS&quot;}]}
13:30:53,191 [TestRunPing-toDoApp-1.0-SNAPSHOT-11] [ INFO] [                            TestRun: 360] - Starting test run application context: { &quot;_id&quot; : { &quot;$oid&quot; : &quot;5c1d3f68a469d8bcb5f89841&quot;} , &quot;test&quot; : { &quot;$oid&quot; : &quot;5c1d3f68a469d8bcb5f8983e&quot;} , &quot;name&quot; : &quot;BMTestRunner_1545420648202&quot; , &quot;version&quot; : 1 , &quot;description&quot; : &quot;Test run created by BMTestRunner on Fri Dec 21 13:30:48 CST 2018&quot; , &quot;state&quot; : &quot;SCHEDULED&quot; , &quot;scheduled&quot; : 1545420648221 , &quot;started&quot; : -1 , &quot;stopped&quot; : -1 , &quot;completed&quot; : -1 , &quot;duration&quot; : 0 , &quot;progress&quot; : 0.0 , &quot;resultsSuccess&quot; : 0 , &quot;resultsFail&quot; : 0 , &quot;resultsTotal&quot; : 0 , &quot;successRate&quot; : 1.0 , &quot;drivers&quot; : [ ] , &quot;properties&quot; : [ { &quot;default&quot; : &quot;100&quot; , &quot;hide&quot; : &quot;true&quot; , &quot;min&quot; : &quot;0&quot; , &quot;max&quot; : &quot;2147483647&quot; , &quot;name&quot; : &quot;proc.scheduleBatchSize&quot; , &quot;description&quot; : &quot;&quot; , &quot;type&quot; : &quot;INT&quot; , &quot;title&quot; : &quot;proc.scheduleBatchSize&quot; , &quot;group&quot; : &quot;Process Values&quot; , &quot;mask&quot; : &quot;false&quot; , &quot;version&quot; : 0 , &quot;origin&quot; : &quot;DEFAULTS&quot;} , { &quot;default&quot; : &quot;procCentral&quot; , &quot;hide&quot; : &quot;false&quot; , &quot;regex&quot; : &quot;[a-zA-Z0-9]*&quot; , &quot;min&quot; : &quot;0&quot; , &quot;max&quot; : &quot;128&quot; , &quot;name&quot; : &quot;proc.dataMirror&quot; , &quot;description&quot; : &quot;A name representing the remote data\nAs processes are created, they will be recorded against this name.\nAlphanumeric values only.&quot; , &quot;type&quot; : &quot;STRING&quot; , &quot;title&quot; : &quot;Data Mirror Name&quot; , &quot;group&quot; : &quot;Process Values&quot; , &quot;mask&quot; : &quot;false&quot; , &quot;version&quot; : 0 , &quot;origin&quot; : &quot;DEFAULTS&quot;} , { &quot;default&quot; : &quot;mongodb://${mongo.test.host}/?safe=true&amp;connectTimeoutMS=${mongo.test.connectTimeoutMS}&amp;socketTimeoutMS=${mongo.test.socketTimeoutMS}&amp;maxPoolSize=${mongo.test.maxPoolSize}&quot; , &quot;hide&quot; : &quot;true&quot; , &quot;regex&quot; : &quot;mongodb://.*/.*&quot; , &quot;min&quot; : &quot;0&quot; , &quot;max&quot; : &quot;128&quot; , &quot;name&quot; : &quot;mongo.test.uri&quot; , &quot;description&quot; : &quot;&quot; , &quot;type&quot; : &quot;STRING&quot; , &quot;title&quot; : &quot;mongo.test.uri&quot; , &quot;group&quot; : &quot;MongoDB Connection&quot; , &quot;mask&quot; : &quot;false&quot; , &quot;version&quot; : 0 , &quot;origin&quot; : &quot;DEFAULTS&quot;} , { &quot;default&quot; : &quot;200&quot; , &quot;hide&quot; : &quot;false&quot; , &quot;min&quot; : &quot;0&quot; , &quot;max&quot; : &quot;2147483647&quot; , &quot;name&quot; : &quot;proc.processCount&quot; , &quot;description&quot; : &quot;The number of processes to trigger&quot; , &quot;type&quot; : &quot;INT&quot; , &quot;title&quot; : &quot;Process Count&quot; , &quot;group&quot; : &quot;Process Values&quot; , &quot;mask&quot; : &quot;false&quot; , &quot;version&quot; : 0 , &quot;origin&quot; : &quot;DEFAULTS&quot;} , { &quot;default&quot; : &quot;true&quot; , &quot;hide&quot; : &quot;true&quot; , &quot;name&quot; : &quot;events.threads.waitForCompletion&quot; , &quot;description&quot; : &quot;&quot; , &quot;type&quot; : &quot;BOOLEAN&quot; , &quot;title&quot; : &quot;events.threads.waitForCompletion&quot; , &quot;group&quot; : &quot;Events and Threads&quot; , &quot;mask&quot; : &quot;false&quot; , &quot;version&quot; : 0 , &quot;origin&quot; : &quot;DEFAULTS&quot;} , { &quot;default&quot; : &quot;&quot; , &quot;hide&quot; : &quot;false&quot; , &quot;regex&quot; : &quot;.*&quot; , &quot;min&quot; : &quot;0&quot; , &quot;max&quot; : &quot;128&quot; , &quot;name&quot; : &quot;files.ftp.password&quot; , &quot;description&quot; : &quot;&quot; , &quot;type&quot; : &quot;STRING&quot; , &quot;title&quot; : &quot;FTP Password&quot; , &quot;group&quot; : &quot;Test Files&quot; , &quot;mask&quot; : &quot;true&quot; , &quot;version&quot; : 0 , &quot;origin&quot; : &quot;DEFAULTS&quot;} , { &quot;max&quot; : &quot;128&quot; , &quot;description&quot; : &quot;The time unit (see java.util.concurrent.TimeUnit)&quot; , &quot;title&quot; : &quot;Test Duration Unit&quot; , &quot;type&quot; : &quot;STRING&quot; , &quot;default&quot; : &quot;SECONDS&quot; , &quot;hide&quot; : &quot;false&quot; , &quot;regex&quot; : &quot;.*&quot; , &quot;min&quot; : &quot;0&quot; , &quot;name&quot; : &quot;test.durationUnit&quot; , &quot;choice&quot; : &quot;[\&quot;SECONDS\&quot;, \&quot;MINUTES\&quot;, \&quot;HOURS\&quot;, \&quot;DAYS\&quot;]&quot; , &quot;group&quot; : &quot;Test Controls&quot; , &quot;mask&quot; : &quot;false&quot; , &quot;version&quot; : 0 , &quot;origin&quot; : &quot;DEFAULTS&quot;} , { &quot;default&quot; : &quot;NEVER-LEAVES-THE-SERVER&quot; , &quot;hide&quot; : &quot;false&quot; , &quot;regex&quot; : &quot;.*&quot; , &quot;min&quot; : &quot;6&quot; , &quot;max&quot; : &quot;16&quot; , &quot;name&quot; : &quot;proc.pwd&quot; , &quot;description&quot; : &quot;The password for the user executing the process.&quot; , &quot;type&quot; : &quot;STRING&quot; , &quot;title&quot; : &quot;Process User Password&quot; , &quot;group&quot; : &quot;Process Values&quot; , &quot;mask&quot; : &quot;true&quot; , &quot;version&quot; : 0 , &quot;origin&quot; : &quot;DEFAULTS&quot;} , { &quot;default&quot; : &quot;admin&quot; , &quot;hide&quot; : &quot;false&quot; , &quot;regex&quot; : &quot;[a-z]*&quot; , &quot;min&quot; : &quot;0&quot; , &quot;max&quot; : &quot;128&quot; , &quot;name&quot; : &quot;proc.user&quot; , &quot;description&quot; : &quot;The user to execute the process.  Lowercase letters only.&quot; , &quot;type&quot; : &quot;STRING&quot; , &quot;title&quot; : &quot;Process User&quot; , &quot;group&quot; : &quot;Process Values&quot; , &quot;mask&quot; : &quot;false&quot; , &quot;version&quot; : 0 , &quot;origin&quot; : &quot;DEFAULTS&quot;} , { &quot;default&quot; : &quot;21&quot; , &quot;hide&quot; : &quot;false&quot; , &quot;min&quot; : &quot;0&quot; , &quot;max&quot; : &quot;2147483647&quot; , &quot;name&quot; : &quot;files.ftp.port&quot; , &quot;description&quot; : &quot;&quot; , &quot;type&quot; : &quot;INT&quot; , &quot;title&quot; : &quot;FTP Port&quot; , &quot;group&quot; : &quot;Test Files&quot; , &quot;mask&quot; : &quot;false&quot; , &quot;version&quot; : 0 , &quot;origin&quot; : &quot;DEFAULTS&quot;} , { &quot;default&quot; : &quot;&quot; , &quot;hide&quot; : &quot;false&quot; , &quot;regex&quot; : &quot;[a-zA-Z0-9]*$&quot; , &quot;min&quot; : &quot;0&quot; , &quot;max&quot; : &quot;128&quot; , &quot;name&quot; : &quot;mongo.test.username&quot; , &quot;description&quot; : &quot;&quot; , &quot;type&quot; : &quot;STRING&quot; , &quot;title&quot; : &quot;mongo.test.username&quot; , &quot;group&quot; : &quot;MongoDB Connection&quot; , &quot;mask&quot; : &quot;false&quot; , &quot;version&quot; : 0 , &quot;origin&quot; : &quot;DEFAULTS&quot;} , { &quot;default&quot; : &quot;localhost:63349&quot; , &quot;hide&quot; : &quot;false&quot; , &quot;regex&quot; : &quot;[a-zA-Z0-9][a-zA-Z0-9.]*:[0-9]*$&quot; , &quot;min&quot; : &quot;0&quot; , &quot;max&quot; : &quot;128&quot; , &quot;name&quot; : &quot;mongo.test.host&quot; , &quot;description&quot; : &quot;The MongoDB server and port to connect to e.g. 127.0.0.1:27017&quot; , &quot;type&quot; : &quot;STRING&quot; , &quot;title&quot; : &quot;mongo.test.host&quot; , &quot;group&quot; : &quot;MongoDB Connection&quot; , &quot;mask&quot; : &quot;false&quot; , &quot;version&quot; : 0 , &quot;origin&quot; : &quot;TEST&quot;} , { &quot;default&quot; : &quot;${java.io.tmpdir}/bm/downloaded-files&quot; , &quot;hide&quot; : &quot;false&quot; , &quot;regex&quot; : &quot;.*&quot; , &quot;min&quot; : &quot;0&quot; , &quot;max&quot; : &quot;128&quot; , &quot;name&quot; : &quot;files.download.dir&quot; , &quot;description&quot; : &quot;Location where files can be written during download testing.&quot; , &quot;type&quot; : &quot;STRING&quot; , &quot;title&quot; : &quot;Download Directory&quot; , &quot;group&quot; : &quot;Test Files&quot; , &quot;mask&quot; : &quot;false&quot; , &quot;version&quot; : 0 , &quot;origin&quot; : &quot;DEFAULTS&quot;} , { &quot;default&quot; : &quot;mirrors.cached.files&quot; , &quot;hide&quot; : &quot;false&quot; , &quot;regex&quot; : &quot;.*&quot; , &quot;min&quot; : &quot;0&quot; , &quot;max&quot; : &quot;128&quot; , &quot;name&quot; : &quot;files.collection.name&quot; , &quot;description&quot; : &quot;The name of a MongoDB collection to store locally cached test content.  The format is &apos;mirror.abc.files&apos;.&quot; , &quot;type&quot; : &quot;STRING&quot; , &quot;title&quot; : &quot;Test Files Cache Mirror Name&quot; , &quot;group&quot; : &quot;Data Mirrors&quot; , &quot;mask&quot; : &quot;false&quot; , &quot;version&quot; : 0 , &quot;origin&quot; : &quot;DEFAULTS&quot;} , { &quot;default&quot; : &quot;anonymous&quot; , &quot;hide&quot; : &quot;false&quot; , &quot;regex&quot; : &quot;.*&quot; , &quot;min&quot; : &quot;0&quot; , &quot;max&quot; : &quot;128&quot; , &quot;name&quot; : &quot;files.ftp.username&quot; , &quot;description&quot; : &quot;&quot; , &quot;type&quot; : &quot;STRING&quot; , &quot;title&quot; : &quot;FTP Username&quot; , &quot;group&quot; : &quot;Test Files&quot; , &quot;mask&quot; : &quot;false&quot; , &quot;version&quot; : 0 , &quot;origin&quot; : &quot;DEFAULTS&quot;} , { &quot;default&quot; : &quot;5000&quot; , &quot;hide&quot; : &quot;true&quot; , &quot;min&quot; : &quot;0&quot; , &quot;max&quot; : &quot;2147483647&quot; , &quot;name&quot; : &quot;mongo.test.connectTimeoutMS&quot; , &quot;description&quot; : &quot;&quot; , &quot;type&quot; : &quot;INT&quot; , &quot;title&quot; : &quot;mongo.test.connectTimeoutMS&quot; , &quot;group&quot; : &quot;MongoDB Connection&quot; , &quot;mask&quot; : &quot;false&quot; , &quot;version&quot; : 0 , &quot;origin&quot; : &quot;DEFAULTS&quot;} , { &quot;default&quot; : &quot;${events.threads.count}&quot; , &quot;hide&quot; : &quot;true&quot; , &quot;min&quot; : &quot;0&quot; , &quot;max&quot; : &quot;2147483647&quot; , &quot;name&quot; : &quot;mongo.test.maxPoolSize&quot; , &quot;description&quot; : &quot;&quot; , &quot;type&quot; : &quot;INT&quot; , &quot;title&quot; : &quot;mongo.test.maxPoolSize&quot; , &quot;group&quot; : &quot;MongoDB Connection&quot; , &quot;mask&quot; : &quot;false&quot; , &quot;version&quot; : 0 , &quot;origin&quot; : &quot;DEFAULTS&quot;} , { &quot;default&quot; : &quot;/sites/www.linuxfromscratch.org/images&quot; , &quot;hide&quot; : &quot;false&quot; , &quot;regex&quot; : &quot;.*&quot; , &quot;min&quot; : &quot;0&quot; , &quot;max&quot; : &quot;128&quot; , &quot;name&quot; : &quot;files.ftp.path&quot; , &quot;description&quot; : &quot;Path on remote server containing test files&quot; , &quot;type&quot; : &quot;STRING&quot; , &quot;title&quot; : &quot;FTP Path&quot; , &quot;group&quot; : &quot;Test Files&quot; , &quot;mask&quot; : &quot;false&quot; , &quot;version&quot; : 0 , &quot;origin&quot; : &quot;DEFAULTS&quot;} , { &quot;default&quot; : &quot;60000&quot; , &quot;hide&quot; : &quot;true&quot; , &quot;min&quot; : &quot;0&quot; , &quot;max&quot; : &quot;2147483647&quot; , &quot;name&quot; : &quot;mongo.test.socketTimeoutMS&quot; , &quot;description&quot; : &quot;&quot; , &quot;type&quot; : &quot;INT&quot; , &quot;title&quot; : &quot;mongo.test.socketTimeoutMS&quot; , &quot;group&quot; : &quot;MongoDB Connection&quot; , &quot;mask&quot; : &quot;false&quot; , &quot;version&quot; : 0 , &quot;origin&quot; : &quot;DEFAULTS&quot;} , { &quot;default&quot; : &quot;${java.io.tmpdir}/test-files&quot; , &quot;hide&quot; : &quot;false&quot; , &quot;regex&quot; : &quot;.*&quot; , &quot;min&quot; : &quot;0&quot; , &quot;max&quot; : &quot;128&quot; , &quot;name&quot; : &quot;files.test.file.dir&quot; , &quot;description&quot; : &quot;Location of local test files for use during upload tests.  The contents of this folder must already exist.&quot; , &quot;type&quot; : &quot;STRING&quot; , &quot;title&quot; : &quot;Test File Directory&quot; , &quot;group&quot; : &quot;Test Files&quot; , &quot;mask&quot; : &quot;false&quot; , &quot;version&quot; : 0 , &quot;origin&quot; : &quot;DEFAULTS&quot;} , { &quot;default&quot; : &quot;${java.io.tmpdir}/bm/cached-files&quot; , &quot;hide&quot; : &quot;false&quot; , &quot;regex&quot; : &quot;.*&quot; , &quot;min&quot; : &quot;0&quot; , &quot;max&quot; : &quot;128&quot; , &quot;name&quot; : &quot;files.cache.dir&quot; , &quot;description&quot; : &quot;Path to location where test content will be cached for quick access.&quot; , &quot;type&quot; : &quot;STRING&quot; , &quot;title&quot; : &quot;Test File Cache&quot; , &quot;group&quot; : &quot;Test Files&quot; , &quot;mask&quot; : &quot;false&quot; , &quot;version&quot; : 0 , &quot;origin&quot; : &quot;DEFAULTS&quot;} , { &quot;default&quot; : &quot;16&quot; , &quot;hide&quot; : &quot;false&quot; , &quot;min&quot; : &quot;1&quot; , &quot;max&quot; : &quot;1024&quot; , &quot;name&quot; : &quot;events.threads.count&quot; , &quot;description&quot; : &quot;The number of threads each driver instance will have available to execute events.  This setting acts as a brake to prevent driver overload only; override and lower the default for tests that require high driver-side CPU processing; override and increase the default for tests that spend a lot of time waiting on the target server(s) to respond.&quot; , &quot;type&quot; : &quot;INT&quot; , &quot;title&quot; : &quot;Driver Thread Pool Size&quot; , &quot;group&quot; : &quot;Events and Threads&quot; , &quot;mask&quot; : &quot;false&quot; , &quot;version&quot; : 0 , &quot;origin&quot; : &quot;DEFAULTS&quot;} , { &quot;default&quot; : &quot;bm21-data&quot; , &quot;hide&quot; : &quot;false&quot; , &quot;regex&quot; : &quot;[a-zA-Z0-9-]*$&quot; , &quot;min&quot; : &quot;0&quot; , &quot;max&quot; : &quot;128&quot; , &quot;name&quot; : &quot;mongo.test.database&quot; , &quot;description&quot; : &quot;&quot; , &quot;type&quot; : &quot;STRING&quot; , &quot;title&quot; : &quot;mongo.test.database&quot; , &quot;group&quot; : &quot;MongoDB Connection&quot; , &quot;mask&quot; : &quot;false&quot; , &quot;version&quot; : 0 , &quot;origin&quot; : &quot;DEFAULTS&quot;} , { &quot;default&quot; : &quot;300&quot; , &quot;hide&quot; : &quot;false&quot; , &quot;min&quot; : &quot;1&quot; , &quot;max&quot; : &quot;2147483647&quot; , &quot;name&quot; : &quot;test.duration&quot; , &quot;description&quot; : &quot;The maximum length of time (expressed in SECONDS, MINUTES, HOURS or DAYS) for the test to run.&quot; , &quot;type&quot; : &quot;INT&quot; , &quot;title&quot; : &quot;Test Duration&quot; , &quot;group&quot; : &quot;Test Controls&quot; , &quot;mask&quot; : &quot;false&quot; , &quot;version&quot; : 0 , &quot;origin&quot; : &quot;DEFAULTS&quot;} , { &quot;default&quot; : &quot;4&quot; , &quot;hide&quot; : &quot;false&quot; , &quot;min&quot; : &quot;1&quot; , &quot;max&quot; : &quot;1000&quot; , &quot;name&quot; : &quot;events.threads.eventsPerSecondPerThread&quot; , &quot;description&quot; : &quot;The number of events that a particular thread from the thread pool can process per second.  This setting acts as a brake only; usually, the thread pool size should be tweaked.&quot; , &quot;type&quot; : &quot;INT&quot; , &quot;title&quot; : &quot;Driver Event Rate per Thread&quot; , &quot;group&quot; : &quot;Events and Threads&quot; , &quot;mask&quot; : &quot;false&quot; , &quot;version&quot; : 0 , &quot;origin&quot; : &quot;DEFAULTS&quot;} , { &quot;default&quot; : &quot;&quot; , &quot;hide&quot; : &quot;false&quot; , &quot;regex&quot; : &quot;.*&quot; , &quot;min&quot; : &quot;0&quot; , &quot;max&quot; : &quot;128&quot; , &quot;name&quot; : &quot;mongo.test.password&quot; , &quot;description&quot; : &quot;&quot; , &quot;type&quot; : &quot;STRING&quot; , &quot;title&quot; : &quot;mongo.test.password&quot; , &quot;group&quot; : &quot;MongoDB Connection&quot; , &quot;mask&quot; : &quot;true&quot; , &quot;version&quot; : 0 , &quot;origin&quot; : &quot;DEFAULTS&quot;} , { &quot;default&quot; : &quot;100&quot; , &quot;hide&quot; : &quot;false&quot; , &quot;min&quot; : &quot;0&quot; , &quot;max&quot; : &quot;2147483647&quot; , &quot;name&quot; : &quot;proc.timeBetweenProcesses&quot; , &quot;description&quot; : &quot;Time in milliseconds between each process&quot; , &quot;type&quot; : &quot;INT&quot; , &quot;title&quot; : &quot;Process Delay&quot; , &quot;group&quot; : &quot;Process Values&quot; , &quot;mask&quot; : &quot;false&quot; , &quot;version&quot; : 0 , &quot;origin&quot; : &quot;DEFAULTS&quot;} , { &quot;default&quot; : &quot;ftp.mirrorservice.org&quot; , &quot;hide&quot; : &quot;false&quot; , &quot;regex&quot; : &quot;.*&quot; , &quot;min&quot; : &quot;0&quot; , &quot;max&quot; : &quot;128&quot; , &quot;name&quot; : &quot;files.ftp.host&quot; , &quot;description&quot; : &quot;&quot; , &quot;type&quot; : &quot;STRING&quot; , &quot;title&quot; : &quot;FTP Server Hostname&quot; , &quot;group&quot; : &quot;Test Files&quot; , &quot;mask&quot; : &quot;false&quot; , &quot;version&quot; : 0 , &quot;origin&quot; : &quot;DEFAULTS&quot;}]}
13:30:53,197 [TestRunPing-toDoApp-1.0-SNAPSHOT-11] [ INFO] [                            TestRun: 468] - Test run application context starting: 
   Run ID:       5c1d3f68a469d8bcb5f89841
   Test Name:    BMTestRunner_1545420648180
   Run Name:     BMTestRunner_1545420648202
   Driver ID:    5c1d3f68a469d8bcb5f8983d
   Release:      toDoApp-1.0-SNAPSHOT
   Schema:       11
   Test Run Properties:   
      proc.scheduleBatchSize=100
      proc.dataMirror=procCentral
      mongo.test.uri=mongodb://${mongo.test.host}/?safe=true&amp;connectTimeoutMS=${mongo.test.connectTimeoutMS}&amp;socketTimeoutMS=${mongo.test.socketTimeoutMS}&amp;maxPoolSize=${mongo.test.maxPoolSize}
      proc.processCount=200
      events.threads.waitForCompletion=true
      files.ftp.password=******
      test.durationUnit=SECONDS
      proc.pwd=******
      proc.user=admin
      files.ftp.port=21
      mongo.test.username=******
      mongo.test.host=localhost:63349
      files.download.dir=${java.io.tmpdir}/bm/downloaded-files
      files.collection.name=mirrors.cached.files
      test=BMTestRunner_1545420648180
      testRunId=5c1d3f68a469d8bcb5f89841
      files.ftp.username=******
      mongo.test.connectTimeoutMS=5000
      mongo.test.maxPoolSize=${events.threads.count}
      testRun=BMTestRunner_1545420648202
      files.ftp.path=/sites/www.linuxfromscratch.org/images
      mongo.test.socketTimeoutMS=60000
      driverId=5c1d3f68a469d8bcb5f8983d
      files.test.file.dir=${java.io.tmpdir}/test-files
      files.cache.dir=${java.io.tmpdir}/bm/cached-files
      events.threads.count=16
      testRunFqn=BMTestRunner_1545420648180.BMTestRunner_1545420648202
      mongo.test.database=bm21-data
      test.duration=300
      events.threads.eventsPerSecondPerThread=4
      mongo.test.password=******
      proc.timeBetweenProcesses=100
      files.ftp.host=ftp.mirrorservice.org
   System Properties:   
      gopherProxySet=false
      awt.toolkit=sun.lwawt.macosx.LWCToolkit
      java.specification.version=10
      file.encoding.pkg=sun.io
      sun.cpu.isalist=
      sun.jnu.encoding=UTF-8
      java.class.path=/Users/cn163848/app-project/toDoApp/target/test-classes:/Users/cn163848/app-project/toDoApp/target/classes:/Users/cn163848/.m2/repository/org/alfresco/alfresco-benchmark-server/2.2.0/alfresco-benchmark-server-2.2.0-classes.jar:/Users/cn163848/.m2/repository/log4j/log4j/1.2.17/log4j-1.2.17.jar:/Users/cn163848/.m2/repository/org/mongodb/mongo-java-driver/3.2.0/mongo-java-driver-3.2.0.jar:/Users/cn163848/.m2/repository/de/flapdoodle/embed/de.flapdoodle.embed.mongo/1.50.2/de.flapdoodle.embed.mongo-1.50.2.jar:/Users/cn163848/.m2/repository/de/flapdoodle/embed/de.flapdoodle.embed.process/1.50.1/de.flapdoodle.embed.process-1.50.1.jar:/Users/cn163848/.m2/repository/net/java/dev/jna/jna/4.0.0/jna-4.0.0.jar:/Users/cn163848/.m2/repository/net/java/dev/jna/jna-platform/4.0.0/jna-platform-4.0.0.jar:/Users/cn163848/.m2/repository/org/apache/commons/commons-compress/1.3/commons-compress-1.3.jar:/Users/cn163848/.m2/repository/org/slf4j/slf4j-api/1.7.10/slf4j-api-1.7.10.jar:/Users/cn163848/.m2/repository/org/springframework/spring-beans/4.0.3.RELEASE/spring-beans-4.0.3.RELEASE.jar:/Users/cn163848/.m2/repository/org/springframework/spring-core/4.0.3.RELEASE/spring-core-4.0.3.RELEASE.jar:/Users/cn163848/.m2/repository/org/springframework/spring-web/4.0.3.RELEASE/spring-web-4.0.3.RELEASE.jar:/Users/cn163848/.m2/repository/org/springframework/spring-aop/4.0.3.RELEASE/spring-aop-4.0.3.RELEASE.jar:/Users/cn163848/.m2/repository/aopalliance/aopalliance/1.0/aopalliance-1.0.jar:/Users/cn163848/.m2/repository/org/springframework/spring-context/4.0.3.RELEASE/spring-context-4.0.3.RELEASE.jar:/Users/cn163848/.m2/repository/org/springframework/spring-expression/4.0.3.RELEASE/spring-expression-4.0.3.RELEASE.jar:/Users/cn163848/.m2/repository/org/codehaus/jackson/jackson-core-asl/1.9.12/jackson-core-asl-1.9.12.jar:/Users/cn163848/.m2/repository/org/codehaus/jackson/jackson-mapper-asl/1.9.12/jackson-mapper-asl-1.9.12.jar:/Users/cn163848/.m2/repository/com/sun/jersey/contribs/jersey-spring/1.17.1/jersey-spring-1.17.1.jar:/Users/cn163848/.m2/repository/com/sun/jersey/jersey-servlet/1.17.1/jersey-servlet-1.17.1.jar:/Users/cn163848/.m2/repository/com/sun/jersey/jersey-server/1.17.1/jersey-server-1.17.1.jar:/Users/cn163848/.m2/repository/asm/asm/3.1/asm-3.1.jar:/Users/cn163848/.m2/repository/com/sun/jersey/jersey-core/1.17.1/jersey-core-1.17.1.jar:/Users/cn163848/.m2/repository/com/sun/jersey/jersey-json/1.17.1/jersey-json-1.17.1.jar:/Users/cn163848/.m2/repository/org/codehaus/jettison/jettison/1.1/jettison-1.1.jar:/Users/cn163848/.m2/repository/com/sun/xml/bind/jaxb-impl/2.2.3-1/jaxb-impl-2.2.3-1.jar:/Users/cn163848/.m2/repository/javax/xml/bind/jaxb-api/2.2.2/jaxb-api-2.2.2.jar:/Users/cn163848/.m2/repository/javax/xml/stream/stax-api/1.0-2/stax-api-1.0-2.jar:/Users/cn163848/.m2/repository/javax/activation/activation/1.1/activation-1.1.jar:/Users/cn163848/.m2/repository/org/codehaus/jackson/jackson-jaxrs/1.9.2/jackson-jaxrs-1.9.2.jar:/Users/cn163848/.m2/repository/org/codehaus/jackson/jackson-xc/1.9.2/jackson-xc-1.9.2.jar:/Users/cn163848/.m2/repository/commons-cli/commons-cli/1.2/commons-cli-1.2.jar:/Users/cn163848/.m2/repository/commons-io/commons-io/2.4/commons-io-2.4.jar:/Users/cn163848/.m2/repository/commons-net/commons-net/3.3/commons-net-3.3.jar:/Users/cn163848/.m2/repository/org/apache/commons/commons-lang3/3.3.2/commons-lang3-3.3.2.jar:/Users/cn163848/.m2/repository/org/apache/commons/commons-math3/3.2/commons-math3-3.2.jar:/Users/cn163848/.m2/repository/joda-time/joda-time/2.1/joda-time-2.1.jar:/Users/cn163848/.m2/repository/com/google/guava/guava/14.0/guava-14.0.jar:/Users/cn163848/.m2/repository/com/google/code/gson/gson/2.1/gson-2.1.jar:/Users/cn163848/.m2/repository/org/apache/poi/poi/3.13/poi-3.13.jar:/Users/cn163848/.m2/repository/commons-codec/commons-codec/1.9/commons-codec-1.9.jar:/Users/cn163848/.m2/repository/org/apache/poi/poi-ooxml/3.13/poi-ooxml-3.13.jar:/Users/cn163848/.m2/repository/org/apache/poi/poi-ooxml-schemas/3.13/poi-ooxml-schemas-3.13.jar:/Users/cn163848/.m2/repository/org/apache/xmlbeans/xmlbeans/2.6.0/xmlbeans-2.6.0.jar:/Users/cn163848/.m2/repository/stax/stax-api/1.0.1/stax-api-1.0.1.jar:/Users/cn163848/.m2/repository/org/alfresco/alfresco-benchmark-util/2.2.0/alfresco-benchmark-util-2.2.0.jar:/Users/cn163848/.m2/repository/org/alfresco/alfresco-benchmark-spring-social/1.0.0/alfresco-benchmark-spring-social-1.0.0.jar:/Users/cn163848/.m2/repository/org/springframework/social/spring-social-core/1.0.3.RELEASE/spring-social-core-1.0.3.RELEASE.jar:/Users/cn163848/.m2/repository/commons-logging/commons-logging-api/1.1/commons-logging-api-1.1.jar:/Users/cn163848/.m2/repository/org/apache/chemistry/opencmis/chemistry-opencmis-client-impl/0.13.0/chemistry-opencmis-client-impl-0.13.0.jar:/Users/cn163848/.m2/repository/org/apache/chemistry/opencmis/chemistry-opencmis-client-api/0.13.0/chemistry-opencmis-client-api-0.13.0.jar:/Users/cn163848/.m2/repository/org/apache/chemistry/opencmis/chemistry-opencmis-client-bindings/0.13.0/chemistry-opencmis-client-bindings-0.13.0.jar:/Users/cn163848/.m2/repository/org/apache/chemistry/opencmis/chemistry-opencmis-commons-impl/0.13.0/chemistry-opencmis-commons-impl-0.13.0.jar:/Users/cn163848/.m2/repository/org/codehaus/woodstox/woodstox-core-asl/4.4.0/woodstox-core-asl-4.4.0.jar:/Users/cn163848/.m2/repository/org/codehaus/woodstox/stax2-api/3.1.4/stax2-api-3.1.4.jar:/Users/cn163848/.m2/repository/org/apache/chemistry/opencmis/chemistry-opencmis-commons-api/0.13.0/chemistry-opencmis-commons-api-0.13.0.jar:/Users/cn163848/.m2/repository/commons-httpclient/commons-httpclient/3.1/commons-httpclient-3.1.jar:/Users/cn163848/.m2/repository/org/alfresco/cmis/client/alfresco-opencmis-extension/1.0/alfresco-opencmis-extension-1.0.jar:/Users/cn163848/.m2/repository/org/apache/httpcomponents/httpclient/4.5/httpclient-4.5.jar:/Users/cn163848/.m2/repository/org/apache/httpcomponents/httpcore/4.4.1/httpcore-4.4.1.jar:/Users/cn163848/.m2/repository/commons-logging/commons-logging/1.2/commons-logging-1.2.jar:/Users/cn163848/.m2/repository/com/googlecode/json-simple/json-simple/1.1/json-simple-1.1.jar:/Users/cn163848/.m2/repository/junit/junit/4.11/junit-4.11.jar:/Users/cn163848/.m2/repository/org/hamcrest/hamcrest-core/1.3/hamcrest-core-1.3.jar:
      java.vm.vendor=&quot;Oracle Corporation&quot;
      sun.arch.data.model=64
      java.vendor.url=http://java.oracle.com/
      user.timezone=America/Chicago
      os.name=Mac OS X
      java.vm.specification.version=10
      sun.java.launcher=SUN_STANDARD
      user.country=US
      sun.boot.library.path=/Library/Java/JavaVirtualMachines/jdk-10.0.2.jdk/Contents/Home/lib
      sun.java.command=/Users/cn163848/app-project/toDoApp/target/surefire/surefirebooter33449068096338220.jar /Users/cn163848/app-project/toDoApp/target/surefire/surefire12972302078102527159tmp /Users/cn163848/app-project/toDoApp/target/surefire/surefire_01908716543703486715tmp
      http.nonProxyHosts=local|*.local|169.254/16|*.169.254/16
      jdk.debug=release
      surefire.test.class.path=/Users/cn163848/app-project/toDoApp/target/test-classes:/Users/cn163848/app-project/toDoApp/target/classes:/Users/cn163848/.m2/repository/org/alfresco/alfresco-benchmark-server/2.2.0/alfresco-benchmark-server-2.2.0-classes.jar:/Users/cn163848/.m2/repository/log4j/log4j/1.2.17/log4j-1.2.17.jar:/Users/cn163848/.m2/repository/org/mongodb/mongo-java-driver/3.2.0/mongo-java-driver-3.2.0.jar:/Users/cn163848/.m2/repository/de/flapdoodle/embed/de.flapdoodle.embed.mongo/1.50.2/de.flapdoodle.embed.mongo-1.50.2.jar:/Users/cn163848/.m2/repository/de/flapdoodle/embed/de.flapdoodle.embed.process/1.50.1/de.flapdoodle.embed.process-1.50.1.jar:/Users/cn163848/.m2/repository/net/java/dev/jna/jna/4.0.0/jna-4.0.0.jar:/Users/cn163848/.m2/repository/net/java/dev/jna/jna-platform/4.0.0/jna-platform-4.0.0.jar:/Users/cn163848/.m2/repository/org/apache/commons/commons-compress/1.3/commons-compress-1.3.jar:/Users/cn163848/.m2/repository/org/slf4j/slf4j-api/1.7.10/slf4j-api-1.7.10.jar:/Users/cn163848/.m2/repository/org/springframework/spring-beans/4.0.3.RELEASE/spring-beans-4.0.3.RELEASE.jar:/Users/cn163848/.m2/repository/org/springframework/spring-core/4.0.3.RELEASE/spring-core-4.0.3.RELEASE.jar:/Users/cn163848/.m2/repository/org/springframework/spring-web/4.0.3.RELEASE/spring-web-4.0.3.RELEASE.jar:/Users/cn163848/.m2/repository/org/springframework/spring-aop/4.0.3.RELEASE/spring-aop-4.0.3.RELEASE.jar:/Users/cn163848/.m2/repository/aopalliance/aopalliance/1.0/aopalliance-1.0.jar:/Users/cn163848/.m2/repository/org/springframework/spring-context/4.0.3.RELEASE/spring-context-4.0.3.RELEASE.jar:/Users/cn163848/.m2/repository/org/springframework/spring-expression/4.0.3.RELEASE/spring-expression-4.0.3.RELEASE.jar:/Users/cn163848/.m2/repository/org/codehaus/jackson/jackson-core-asl/1.9.12/jackson-core-asl-1.9.12.jar:/Users/cn163848/.m2/repository/org/codehaus/jackson/jackson-mapper-asl/1.9.12/jackson-mapper-asl-1.9.12.jar:/Users/cn163848/.m2/repository/com/sun/jersey/contribs/jersey-spring/1.17.1/jersey-spring-1.17.1.jar:/Users/cn163848/.m2/repository/com/sun/jersey/jersey-servlet/1.17.1/jersey-servlet-1.17.1.jar:/Users/cn163848/.m2/repository/com/sun/jersey/jersey-server/1.17.1/jersey-server-1.17.1.jar:/Users/cn163848/.m2/repository/asm/asm/3.1/asm-3.1.jar:/Users/cn163848/.m2/repository/com/sun/jersey/jersey-core/1.17.1/jersey-core-1.17.1.jar:/Users/cn163848/.m2/repository/com/sun/jersey/jersey-json/1.17.1/jersey-json-1.17.1.jar:/Users/cn163848/.m2/repository/org/codehaus/jettison/jettison/1.1/jettison-1.1.jar:/Users/cn163848/.m2/repository/com/sun/xml/bind/jaxb-impl/2.2.3-1/jaxb-impl-2.2.3-1.jar:/Users/cn163848/.m2/repository/javax/xml/bind/jaxb-api/2.2.2/jaxb-api-2.2.2.jar:/Users/cn163848/.m2/repository/javax/xml/stream/stax-api/1.0-2/stax-api-1.0-2.jar:/Users/cn163848/.m2/repository/javax/activation/activation/1.1/activation-1.1.jar:/Users/cn163848/.m2/repository/org/codehaus/jackson/jackson-jaxrs/1.9.2/jackson-jaxrs-1.9.2.jar:/Users/cn163848/.m2/repository/org/codehaus/jackson/jackson-xc/1.9.2/jackson-xc-1.9.2.jar:/Users/cn163848/.m2/repository/commons-cli/commons-cli/1.2/commons-cli-1.2.jar:/Users/cn163848/.m2/repository/commons-io/commons-io/2.4/commons-io-2.4.jar:/Users/cn163848/.m2/repository/commons-net/commons-net/3.3/commons-net-3.3.jar:/Users/cn163848/.m2/repository/org/apache/commons/commons-lang3/3.3.2/commons-lang3-3.3.2.jar:/Users/cn163848/.m2/repository/org/apache/commons/commons-math3/3.2/commons-math3-3.2.jar:/Users/cn163848/.m2/repository/joda-time/joda-time/2.1/joda-time-2.1.jar:/Users/cn163848/.m2/repository/com/google/guava/guava/14.0/guava-14.0.jar:/Users/cn163848/.m2/repository/com/google/code/gson/gson/2.1/gson-2.1.jar:/Users/cn163848/.m2/repository/org/apache/poi/poi/3.13/poi-3.13.jar:/Users/cn163848/.m2/repository/commons-codec/commons-codec/1.9/commons-codec-1.9.jar:/Users/cn163848/.m2/repository/org/apache/poi/poi-ooxml/3.13/poi-ooxml-3.13.jar:/Users/cn163848/.m2/repository/org/apache/poi/poi-ooxml-schemas/3.13/poi-ooxml-schemas-3.13.jar:/Users/cn163848/.m2/repository/org/apache/xmlbeans/xmlbeans/2.6.0/xmlbeans-2.6.0.jar:/Users/cn163848/.m2/repository/stax/stax-api/1.0.1/stax-api-1.0.1.jar:/Users/cn163848/.m2/repository/org/alfresco/alfresco-benchmark-util/2.2.0/alfresco-benchmark-util-2.2.0.jar:/Users/cn163848/.m2/repository/org/alfresco/alfresco-benchmark-spring-social/1.0.0/alfresco-benchmark-spring-social-1.0.0.jar:/Users/cn163848/.m2/repository/org/springframework/social/spring-social-core/1.0.3.RELEASE/spring-social-core-1.0.3.RELEASE.jar:/Users/cn163848/.m2/repository/commons-logging/commons-logging-api/1.1/commons-logging-api-1.1.jar:/Users/cn163848/.m2/repository/org/apache/chemistry/opencmis/chemistry-opencmis-client-impl/0.13.0/chemistry-opencmis-client-impl-0.13.0.jar:/Users/cn163848/.m2/repository/org/apache/chemistry/opencmis/chemistry-opencmis-client-api/0.13.0/chemistry-opencmis-client-api-0.13.0.jar:/Users/cn163848/.m2/repository/org/apache/chemistry/opencmis/chemistry-opencmis-client-bindings/0.13.0/chemistry-opencmis-client-bindings-0.13.0.jar:/Users/cn163848/.m2/repository/org/apache/chemistry/opencmis/chemistry-opencmis-commons-impl/0.13.0/chemistry-opencmis-commons-impl-0.13.0.jar:/Users/cn163848/.m2/repository/org/codehaus/woodstox/woodstox-core-asl/4.4.0/woodstox-core-asl-4.4.0.jar:/Users/cn163848/.m2/repository/org/codehaus/woodstox/stax2-api/3.1.4/stax2-api-3.1.4.jar:/Users/cn163848/.m2/repository/org/apache/chemistry/opencmis/chemistry-opencmis-commons-api/0.13.0/chemistry-opencmis-commons-api-0.13.0.jar:/Users/cn163848/.m2/repository/commons-httpclient/commons-httpclient/3.1/commons-httpclient-3.1.jar:/Users/cn163848/.m2/repository/org/alfresco/cmis/client/alfresco-opencmis-extension/1.0/alfresco-opencmis-extension-1.0.jar:/Users/cn163848/.m2/repository/org/apache/httpcomponents/httpclient/4.5/httpclient-4.5.jar:/Users/cn163848/.m2/repository/org/apache/httpcomponents/httpcore/4.4.1/httpcore-4.4.1.jar:/Users/cn163848/.m2/repository/commons-logging/commons-logging/1.2/commons-logging-1.2.jar:/Users/cn163848/.m2/repository/com/googlecode/json-simple/json-simple/1.1/json-simple-1.1.jar:/Users/cn163848/.m2/repository/junit/junit/4.11/junit-4.11.jar:/Users/cn163848/.m2/repository/org/hamcrest/hamcrest-core/1.3/hamcrest-core-1.3.jar:
      sun.cpu.endian=little
      user.home=/Users/cn163848
      user.language=en
      java.specification.vendor=Oracle Corporation
      java.version.date=2018-07-17
      java.home=/Library/Java/JavaVirtualMachines/jdk-10.0.2.jdk/Contents/Home
      file.separator=/
      basedir=/Users/cn163848/app-project/toDoApp
      java.vm.compressedOopsMode=Zero based
      line.separator=

      java.specification.name=Java Platform API Specification
      java.vm.specification.vendor=Oracle Corporation
      java.awt.graphicsenv=sun.awt.CGraphicsEnvironment
      surefire.real.class.path=/Users/cn163848/app-project/toDoApp/target/surefire/surefirebooter33449068096338220.jar
      sun.management.compiler=HotSpot 64-Bit Tiered Compilers
      ftp.nonProxyHosts=local|*.local|169.254/16|*.169.254/16
      java.runtime.version=10.0.2+13
      user.name=cn163848
      path.separator=:
      os.version=10.11.6
      java.runtime.name=Java(TM) SE Runtime Environment
      file.encoding=UTF-8
      java.vm.name=Java HotSpot(TM) 64-Bit Server VM
      java.vendor.version=18.3
      app.dir=/Users/cn163848/app-project/toDoApp
      localRepository=/Users/cn163848/.m2/repository
      java.vendor.url.bug=http://bugreport.java.com/bugreport/
      app.contextPath=/Users/cn163848/app-project/toDoApp
      java.io.tmpdir=/var/folders/3_/yj94_1vx795dvpnk13nqzj_0dbt54j/T/
      java.version=10.0.2
      user.dir=/Users/cn163848/app-project/toDoApp
      os.arch=x86_64
      java.vm.specification.name=Java Virtual Machine Specification
      java.awt.printerjob=sun.lwawt.macosx.CPrinterJob
      sun.os.patch.level=unknown
      java.library.path=/Users/cn163848/Library/Java/Extensions:/Library/Java/Extensions:/Network/Library/Java/Extensions:/System/Library/Java/Extensions:/usr/lib/java:.
      java.vendor=Oracle Corporation
      java.vm.info=mixed mode
      java.vm.version=10.0.2+13
      sun.io.unicode.encoding=UnicodeBig
      java.class.version=54.0
      socksNonProxyHosts=local|*.local|169.254/16|*.169.254/16

13:30:53,312 [TestRunPing-toDoApp-1.0-SNAPSHOT-11] [ INFO] [                 MongoClientFactory: 124] - New MongoDB client created using URL: mongodb://localhost:63349/?safe=true&amp;connectTimeoutMS=5000&amp;socketTimeoutMS=60000&amp;maxPoolSize=16
2018-12-21T13:30:53.313-0600 I NETWORK  [initandlisten] connection accepted from 127.0.0.1:63361 #5 (5 connections now open)
[mongod output] 2018-12-21T13:30:53.320-0600 I NETWORK  [initandlisten] connection accepted from 127.0.0.1:63362 #6 (6 connections now open)
[mongod output] 13:30:53,433 [TestRunPing-toDoApp-1.0-SNAPSHOT-11] [ WARN] [               RenameEventProcessor:  62] - The RenameEventProcessor is deprecated.
2018-12-21T13:30:53.571-0600 I INDEX    [conn6] build index on: bm21-data.mirrors.procCentral.processes properties: { v: 1, unique: true, key: { name: 1 }, name: &quot;IDX_PROCNAME&quot;, ns: &quot;bm21-data.mirrors.procCentral.processes&quot; }
[mongod output] 2018-12-21T13:30:53.571-0600 I INDEX    [conn6] 	 building index using bulk method
[mongod output] 2018-12-21T13:30:53.582-0600 I INDEX    [conn6] build index done.  scanned 0 total records. 0 secs
[mongod output] 2018-12-21T13:30:53.582-0600 I COMMAND  [conn6] command bm21-data.$cmd command: createIndexes { createIndexes: &quot;mirrors.procCentral.processes&quot;, indexes: [ { key: { name: 1 }, name: &quot;IDX_PROCNAME&quot;, ns: &quot;bm21-data.mirrors.procCentral.processes&quot;, unique: true } ] } ntoskip:0 keyUpdates:0 writeConflicts:0 numYields:0 reslen:113 locks:{ Global: { acquireCount: { r: 1, w: 1 } }, Database: { acquireCount: { W: 1 } }, Collection: { acquireCount: { w: 1 } } } protocol:op_query 143ms
[mongod output] 2018-12-21T13:30:53.726-0600 I INDEX    [conn6] build index on: bm21-data.mirrors.cached.files properties: { v: 1, key: { fileset: 1, randomizer: 1 }, name: &quot;idx_randomizer&quot;, ns: &quot;bm21-data.mirrors.cached.files&quot; }
[mongod output] 2018-12-21T13:30:53.726-0600 I INDEX    [conn6] 	 building index using bulk method
[mongod output] 2018-12-21T13:30:53.740-0600 I INDEX    [conn6] build index done.  scanned 0 total records. 0 secs
[mongod output] 2018-12-21T13:30:53.740-0600 I COMMAND  [conn6] command bm21-data.$cmd command: createIndexes { createIndexes: &quot;mirrors.cached.files&quot;, indexes: [ { key: { fileset: 1, randomizer: 1 }, name: &quot;idx_randomizer&quot;, ns: &quot;bm21-data.mirrors.cached.files&quot; } ] } ntoskip:0 keyUpdates:0 writeConflicts:0 numYields:0 reslen:113 locks:{ Global: { acquireCount: { r: 1, w: 1 } }, Database: { acquireCount: { W: 1 } }, Collection: { acquireCount: { w: 1 } } } protocol:op_query 154ms
[mongod output] 2018-12-21T13:30:53.785-0600 I INDEX    [conn6] build index on: bm21-data.mirrors.cached.files properties: { v: 1, key: { fileset: 1, extension: 1, randomizer: 1 }, name: &quot;idx_extension&quot;, ns: &quot;bm21-data.mirrors.cached.files&quot; }
[mongod output] 2018-12-21T13:30:53.785-0600 I INDEX    [conn6] 	 building index using bulk method
[mongod output] 2018-12-21T13:30:53.796-0600 I INDEX    [conn6] build index done.  scanned 0 total records. 0 secs
[mongod output] 2018-12-21T13:30:53.842-0600 I INDEX    [conn6] build index on: bm21-data.mirrors.cached.files properties: { v: 1, unique: true, key: { fileset: 1, remoteName: 1 }, name: &quot;uidx_remoteName&quot;, ns: &quot;bm21-data.mirrors.cached.files&quot; }
[mongod output] 2018-12-21T13:30:53.842-0600 I INDEX    [conn6] 	 building index using bulk method
[mongod output] 2018-12-21T13:30:53.857-0600 I INDEX    [conn6] build index done.  scanned 0 total records. 0 secs
[mongod output] 2018-12-21T13:30:53.902-0600 I INDEX    [conn6] build index on: bm21-data.mirrors.cached.files properties: { v: 1, unique: true, key: { fileset: 1, localName: 1 }, name: &quot;uidx_localName&quot;, ns: &quot;bm21-data.mirrors.cached.files&quot; }
[mongod output] 2018-12-21T13:30:53.902-0600 I INDEX    [conn6] 	 building index using bulk method
[mongod output] 2018-12-21T13:30:53.916-0600 I INDEX    [conn6] build index done.  scanned 0 total records. 0 secs
[mongod output] 13:30:58,345 [        main] [DEBUG] [                LifecycleController: 207] - Stopping components: appLifeCycleController
13:30:58,345 [        main] [DEBUG] [                LifecycleController: 214] -    Stopping component: org.alfresco.bm.log.LogWatcher
13:30:58,346 [        main] [DEBUG] [                LifecycleController: 221] -    Stopped component: org.alfresco.bm.log.LogWatcher
13:30:58,346 [        main] [DEBUG] [                LifecycleController: 214] -    Stopping component: org.alfresco.bm.log.MongoLogService
13:30:58,346 [        main] [DEBUG] [                LifecycleController: 221] -    Stopped component: org.alfresco.bm.log.MongoLogService
13:30:58,346 [        main] [DEBUG] [                LifecycleController: 214] -    Stopping component: org.alfresco.bm.test.mongo.MongoTestDAO
13:30:58,346 [        main] [DEBUG] [                LifecycleController: 221] -    Stopped component: org.alfresco.bm.test.mongo.MongoTestDAO
13:30:58,347 [        main] [DEBUG] [                LifecycleController: 214] -    Stopping component: org.alfresco.bm.test.TestDefaults
13:30:58,347 [        main] [DEBUG] [                LifecycleController: 221] -    Stopped component: org.alfresco.bm.test.TestDefaults
13:30:58,347 [        main] [DEBUG] [                LifecycleController: 214] -    Stopping component: org.alfresco.bm.test.Test
2018-12-21T13:32:11.917-0600 I NETWORK  [conn6] end connection 127.0.0.1:63362 (5 connections now open)
[mongod output] 2018-12-21T13:32:11.917-0600 I NETWORK  [conn5] end connection 127.0.0.1:63361 (4 connections now open)
[mongod output] 13:32:11,920 [TestRunPing-toDoApp-1.0-SNAPSHOT-11] [ERROR] [                            TestRun: 517] - Failed to start test run application &apos;BMTestRunner_1545420648180.BMTestRunner_1545420648202&apos;: 
[...]
[mongod output] 13:32:19,506 [TestRunPing-toDoApp-1.0-SNAPSHOT-11] [ WARN] [               RenameEventProcessor:  62] - The RenameEventProcessor is deprecated.
2018-12-21T13:32:19.644-0600 I INDEX    [conn7] build index on: bm21-data.mirrors.procCentral.processes properties: { v: 1, unique: true, key: { name: 1 }, name: &quot;IDX_PROCNAME&quot;, ns: &quot;bm21-data.mirrors.procCentral.processes&quot; }
[mongod output] 2018-12-21T13:32:19.644-0600 I INDEX    [conn7] 	 building index using bulk method
[mongod output] 2018-12-21T13:32:19.654-0600 I INDEX    [conn7] build index done.  scanned 0 total records. 0 secs
[mongod output] 2018-12-21T13:32:19.654-0600 I COMMAND  [conn7] command bm21-data.$cmd command: createIndexes { createIndexes: &quot;mirrors.procCentral.processes&quot;, indexes: [ { key: { name: 1 }, name: &quot;IDX_PROCNAME&quot;, ns: &quot;bm21-data.mirrors.procCentral.processes&quot;, unique: true } ] } ntoskip:0 keyUpdates:0 writeConflicts:0 numYields:0 reslen:113 locks:{ Global: { acquireCount: { r: 1, w: 1 } }, Database: { acquireCount: { W: 1 } }, Collection: { acquireCount: { w: 1 } } } protocol:op_query 146ms
[mongod output] 2018-12-21T13:32:19.782-0600 I INDEX    [conn7] build index on: bm21-data.mirrors.cached.files properties: { v: 1, key: { fileset: 1, randomizer: 1 }, name: &quot;idx_randomizer&quot;, ns: &quot;bm21-data.mirrors.cached.files&quot; }
[mongod output] 2018-12-21T13:32:19.783-0600 I INDEX    [conn7] 	 building index using bulk method
[mongod output] 2018-12-21T13:32:19.793-0600 I INDEX    [conn7] build index done.  scanned 0 total records. 0 secs
[mongod output] 2018-12-21T13:32:19.793-0600 I COMMAND  [conn7] command bm21-data.$cmd command: createIndexes { createIndexes: &quot;mirrors.cached.files&quot;, indexes: [ { key: { fileset: 1, randomizer: 1 }, name: &quot;idx_randomizer&quot;, ns: &quot;bm21-data.mirrors.cached.files&quot; } ] } ntoskip:0 keyUpdates:0 writeConflicts:0 numYields:0 reslen:113 locks:{ Global: { acquireCount: { r: 1, w: 1 } }, Database: { acquireCount: { W: 1 } }, Collection: { acquireCount: { w: 1 } } } protocol:op_query 136ms
[mongod output] 2018-12-21T13:32:19.832-0600 I INDEX    [conn7] build index on: bm21-data.mirrors.cached.files properties: { v: 1, key: { fileset: 1, extension: 1, randomizer: 1 }, name: &quot;idx_extension&quot;, ns: &quot;bm21-data.mirrors.cached.files&quot; }
[mongod output] 2018-12-21T13:32:19.832-0600 I INDEX    [conn7] 	 building index using bulk method
[mongod output] 2018-12-21T13:32:19.843-0600 I INDEX    [conn7] build index done.  scanned 0 total records. 0 secs
[mongod output] 2018-12-21T13:32:19.883-0600 I INDEX    [conn7] build index on: bm21-data.mirrors.cached.files properties: { v: 1, unique: true, key: { fileset: 1, remoteName: 1 }, name: &quot;uidx_remoteName&quot;, ns: &quot;bm21-data.mirrors.cached.files&quot; }
[mongod output] 2018-12-21T13:32:19.883-0600 I INDEX    [conn7] 	 building index using bulk method
[mongod output] 2018-12-21T13:32:19.892-0600 I INDEX    [conn7] build index done.  scanned 0 total records. 0 secs
[mongod output] 2018-12-21T13:32:19.948-0600 I INDEX    [conn7] build index on: bm21-data.mirrors.cached.files properties: { v: 1, unique: true, key: { fileset: 1, localName: 1 }, name: &quot;uidx_localName&quot;, ns: &quot;bm21-data.mirrors.cached.files&quot; }
[mongod output] 2018-12-21T13:32:19.948-0600 I INDEX    [conn7] 	 building index using bulk method
[mongod output] 2018-12-21T13:32:19.960-0600 I INDEX    [conn7] build index done.  scanned 0 total records. 0 secs
[mongod output] 13:32:24,550 [        main] [DEBUG] [                LifecycleController: 207] - Stopping components: appLifeCycleController
13:32:24,550 [        main] [DEBUG] [                LifecycleController: 214] -    Stopping component: org.alfresco.bm.log.LogWatcher
13:32:24,551 [        main] [DEBUG] [                LifecycleController: 221] -    Stopped component: org.alfresco.bm.log.LogWatcher
13:32:24,551 [        main] [DEBUG] [                LifecycleController: 214] -    Stopping component: org.alfresco.bm.log.MongoLogService
13:32:24,551 [        main] [DEBUG] [                LifecycleController: 221] -    Stopped component: org.alfresco.bm.log.MongoLogService
13:32:24,551 [        main] [DEBUG] [                LifecycleController: 214] -    Stopping component: org.alfresco.bm.test.mongo.MongoTestDAO
13:32:24,551 [        main] [DEBUG] [                LifecycleController: 221] -    Stopped component: org.alfresco.bm.test.mongo.MongoTestDAO
13:32:24,552 [        main] [DEBUG] [                LifecycleController: 214] -    Stopping component: org.alfresco.bm.test.TestDefaults
13:32:24,552 [        main] [DEBUG] [                LifecycleController: 221] -    Stopped component: org.alfresco.bm.test.TestDefaults
13:32:24,552 [        main] [DEBUG] [                LifecycleController: 214] -    Stopping component: org.alfresco.bm.test.Test
2018-12-21T13:33:36.742-0600 I NETWORK  [conn7] end connection 127.0.0.1:63415 (6 connections now open)
[mongod output] 2018-12-21T13:33:36.742-0600 I NETWORK  [conn6] end connection 127.0.0.1:63414 (6 connections now open)
[mongod output] 13:33:36,744 [TestRunPing-toDoApp-1.0-SNAPSHOT-11] [ERROR] [                            TestRun: 517] - Failed to start test run application &apos;BMTestRunner_1545420734335.BMTestRunner_1545420734347&apos;: 
org.springframework.beans.factory.BeanCreationException: Error creating bean with name &apos;testFileService&apos; defined in class path resource [config/spring/test-context.xml]: Invocation of init method failed; nested exception is java.lang.RuntimeException: FTP file listing failed: FtpTestFileService [ftpHost=ftp.mirrorservice.org, ftpPort=21, ftpUsername=anonymous, ftpPassword=*****, ftpPath=/sites/www.linuxfromscratch.org/images]
	at org.springframework.beans.factory.support.AbstractAutowireCapableBeanFactory.initializeBean(AbstractAutowireCapableBeanFactory.java:1553)
	at org.springframework.beans.factory.support.AbstractAutowireCapableBeanFactory.doCreateBean(AbstractAutowireCapableBeanFactory.java:539)
	at org.springframework.beans.factory.support.AbstractAutowireCapableBeanFactory.createBean(AbstractAutowireCapableBeanFactory.java:475)
	at org.springframework.beans.factory.support.AbstractBeanFactory$1.getObject(AbstractBeanFactory.java:304)
	at org.springframework.beans.factory.support.DefaultSingletonBeanRegistry.getSingleton(DefaultSingletonBeanRegistry.java:228)
	at org.springframework.beans.factory.support.AbstractBeanFactory.doGetBean(AbstractBeanFactory.java:300)
	at org.springframework.beans.factory.support.AbstractBeanFactory.getBean(AbstractBeanFactory.java:195)
	at org.springframework.beans.factory.support.DefaultListableBeanFactory.preInstantiateSingletons(DefaultListableBeanFactory.java:703)
	at org.springframework.context.support.AbstractApplicationContext.finishBeanFactoryInitialization(AbstractApplicationContext.java:760)
	at org.springframework.context.support.AbstractApplicationContext.refresh(AbstractApplicationContext.java:482)
	at org.alfresco.bm.test.TestRun.start(TestRun.java:481)
	at org.alfresco.bm.test.TestRun.checkState(TestRun.java:207)
	at org.alfresco.bm.test.Test$TestRunPingTask.run(Test.java:309)
	at java.base/java.util.TimerThread.mainLoop(Timer.java:556)
	at java.base/java.util.TimerThread.run(Timer.java:506)
Caused by: java.lang.RuntimeException: FTP file listing failed: FtpTestFileService [ftpHost=ftp.mirrorservice.org, ftpPort=21, ftpUsername=anonymous, ftpPassword=*****, ftpPath=/sites/www.linuxfromscratch.org/images]
	at org.alfresco.bm.file.FtpTestFileService.listRemoteFiles(FtpTestFileService.java:158)
	at org.alfresco.bm.file.AbstractTestFileService.indexFileData(AbstractTestFileService.java:199)
	at org.alfresco.bm.file.AbstractTestFileService.afterPropertiesSet(AbstractTestFileService.java:63)
	at org.springframework.beans.factory.support.AbstractAutowireCapableBeanFactory.invokeInitMethods(AbstractAutowireCapableBeanFactory.java:1612)
	at org.springframework.beans.factory.support.AbstractAutowireCapableBeanFactory.initializeBean(AbstractAutowireCapableBeanFactory.java:1549)
	... 14 more
Caused by: java.net.ConnectException: Operation timed out (Connection timed out)
	at java.base/java.net.PlainSocketImpl.socketConnect(Native Method)
	at java.base/java.net.AbstractPlainSocketImpl.doConnect(AbstractPlainSocketImpl.java:400)
	at java.base/java.net.AbstractPlainSocketImpl.connectToAddress(AbstractPlainSocketImpl.java:243)
	at java.base/java.net.AbstractPlainSocketImpl.connect(AbstractPlainSocketImpl.java:225)
	at java.base/java.net.SocksSocketImpl.connect(SocksSocketImpl.java:402)
	at java.base/java.net.Socket.connect(Socket.java:591)
	at org.apache.commons.net.ftp.FTPClient._openDataConnection_(FTPClient.java:894)
	at org.apache.commons.net.ftp.FTPClient._openDataConnection_(FTPClient.java:759)
	at org.apache.commons.net.ftp.FTPClient.initiateListParsing(FTPClient.java:3293)
	at org.apache.commons.net.ftp.FTPClient.initiateListParsing(FTPClient.java:3271)
	at org.apache.commons.net.ftp.FTPClient.listFiles(FTPClient.java:2930)
	at org.apache.commons.net.ftp.FTPClient.listFiles(FTPClient.java:2977)
	at org.alfresco.bm.file.FtpTestFileService.listRemoteFiles(FtpTestFileService.java:154)
	... 18 more
13:33:36,747 [TestRunPing-toDoApp-1.0-SNAPSHOT-11] [ INFO] [                            TestRun: 540] - Stopping test run application context: 5c1d3fbea469d8bcb5f89850
13:33:36,753 [        main] [DEBUG] [                LifecycleController: 221] -    Stopped component: org.alfresco.bm.test.Test
13:33:36,753 [        main] [DEBUG] [                LifecycleController: 214] -    Stopping component: org.alfresco.bm.test.TestRunServicesCache
13:33:36,754 [        main] [DEBUG] [                LifecycleController: 221] -    Stopped component: org.alfresco.bm.test.TestRunServicesCache
13:33:36,754 [        main] [DEBUG] [                LifecycleController: 246] - Stopped components: appLifeCycleController
2018-12-21T13:33:36.755-0600 I NETWORK  [conn4] end connection 127.0.0.1:63412 (4 connections now open)
[mongod output] 2018-12-21T13:33:36.757-0600 I NETWORK  [conn3] end connection 127.0.0.1:63411 (3 connections now open)
[mongod output] 2018-12-21T13:33:36.757-0600 I NETWORK  [conn5] end connection 127.0.0.1:63413 (2 connections now open)
[mongod output] 2018-12-21T13:33:36.757-0600 I NETWORK  [conn2] end connection 127.0.0.1:63410 (1 connection now open)
[mongod output] 2018-12-21T13:33:36.758-0600 I NETWORK  [conn1] end connection 127.0.0.1:63409 (0 connections now open)
[mongod output] 2018-12-21T13:33:36.760-0600 I NETWORK  [initandlisten] connection accepted from 127.0.0.1:63433 #8 (1 connection now open)
[mongod output] 2018-12-21T13:33:36.760-0600 I COMMAND  [conn8] terminating, shutdown command received
[mongod output] 2018-12-21T13:33:36.760-0600 I FTDC     [conn8] Shutting down full-time diagnostic data capture
[mongod output] 2018-12-21T13:33:36.762-0600 I CONTROL  [conn8] now exiting
[mongod output] 2018-12-21T13:33:36.762-0600 I NETWORK  [conn8] shutdown: going to close listening sockets...
[mongod output] 2018-12-21T13:33:36.762-0600 I NETWORK  [conn8] closing listening socket: 5
[mongod output] 2018-12-21T13:33:36.762-0600 I NETWORK  [conn8] closing listening socket: 6
[mongod output] 2018-12-21T13:33:36.763-0600 I NETWORK  [conn8] removing socket file: /tmp/mongodb-63408.sock
[mongod output] 2018-12-21T13:33:36.763-0600 I NETWORK  [conn8] shutdown: going to flush diaglog...
[mongod output] 2018-12-21T13:33:36.763-0600 I NETWORK  [conn8] shutdown: going to close sockets...
[mongod output] 2018-12-21T13:33:36.763-0600 I STORAGE  [conn8] WiredTigerKVEngine shutting down
[mongod output] 
</system-out>
    <system-err>java.lang.NoSuchFieldException: handle
	at java.base/java.lang.Class.getDeclaredField(Class.java:2370)
	at de.flapdoodle.embed.process.runtime.Processes.windowsProcessId(Processes.java:109)
	at de.flapdoodle.embed.process.runtime.Processes.access$200(Processes.java:51)
	at de.flapdoodle.embed.process.runtime.Processes$PidHelper$2.getPid(Processes.java:209)
	at de.flapdoodle.embed.process.runtime.Processes.processId(Processes.java:72)
	at de.flapdoodle.embed.process.runtime.ProcessControl.&lt;init&gt;(ProcessControl.java:64)
	at de.flapdoodle.embed.process.runtime.ProcessControl.start(ProcessControl.java:205)
	at de.flapdoodle.embed.process.runtime.AbstractProcess.&lt;init&gt;(AbstractProcess.java:98)
	at de.flapdoodle.embed.mongo.AbstractMongoProcess.&lt;init&gt;(AbstractMongoProcess.java:53)
	at de.flapdoodle.embed.mongo.MongodProcess.&lt;init&gt;(MongodProcess.java:50)
	at de.flapdoodle.embed.mongo.MongodExecutable.start(MongodExecutable.java:44)
	at de.flapdoodle.embed.mongo.MongodExecutable.start(MongodExecutable.java:34)
	at de.flapdoodle.embed.process.runtime.Executable.start(Executable.java:101)
	at org.alfresco.mongo.MongoDBForTestsFactory.&lt;init&gt;(MongoDBForTestsFactory.java:76)
	at org.alfresco.bm.tools.BMTestRunner.run(BMTestRunner.java:188)
	at org.alfresco.bm.BM000XTest.runQuick(BM000XTest.java:90)
	at java.base/jdk.internal.reflect.NativeMethodAccessorImpl.invoke0(Native Method)
	at java.base/jdk.internal.reflect.NativeMethodAccessorImpl.invoke(NativeMethodAccessorImpl.java:62)
	at java.base/jdk.internal.reflect.DelegatingMethodAccessorImpl.invoke(DelegatingMethodAccessorImpl.java:43)
	at java.base/java.lang.reflect.Method.invoke(Method.java:564)
	at org.junit.runners.model.FrameworkMethod$1.runReflectiveCall(FrameworkMethod.java:47)
	at org.junit.internal.runners.model.ReflectiveCallable.run(ReflectiveCallable.java:12)
	at org.junit.runners.model.FrameworkMethod.invokeExplosively(FrameworkMethod.java:44)
	at org.junit.internal.runners.statements.InvokeMethod.evaluate(InvokeMethod.java:17)
	at org.junit.runners.ParentRunner.runLeaf(ParentRunner.java:271)
	at org.junit.runners.BlockJUnit4ClassRunner.runChild(BlockJUnit4ClassRunner.java:70)
	at org.junit.runners.BlockJUnit4ClassRunner.runChild(BlockJUnit4ClassRunner.java:50)
	at org.junit.runners.ParentRunner$3.run(ParentRunner.java:238)
	at org.junit.runners.ParentRunner$1.schedule(ParentRunner.java:63)
	at org.junit.runners.ParentRunner.runChildren(ParentRunner.java:236)
	at org.junit.runners.ParentRunner.access$000(ParentRunner.java:53)
	at org.junit.runners.ParentRunner$2.evaluate(ParentRunner.java:229)
	at org.junit.runners.ParentRunner.run(ParentRunner.java:309)
	at org.apache.maven.surefire.junit4.JUnit4Provider.execute(JUnit4Provider.java:252)
	at org.apache.maven.surefire.junit4.JUnit4Provider.executeTestSet(JUnit4Provider.java:141)
	at org.apache.maven.surefire.junit4.JUnit4Provider.invoke(JUnit4Provider.java:112)
	at java.base/jdk.internal.reflect.NativeMethodAccessorImpl.invoke0(Native Method)
	at java.base/jdk.internal.reflect.NativeMethodAccessorImpl.invoke(NativeMethodAccessorImpl.java:62)
	at java.base/jdk.internal.reflect.DelegatingMethodAccessorImpl.invoke(DelegatingMethodAccessorImpl.java:43)
	at java.base/java.lang.reflect.Method.invoke(Method.java:564)
	at org.apache.maven.surefire.util.ReflectionUtils.invokeMethodWithArray(ReflectionUtils.java:189)
	at org.apache.maven.surefire.booter.ProviderFactory$ProviderProxy.invoke(ProviderFactory.java:165)
	at org.apache.maven.surefire.booter.ProviderFactory.invokeProvider(ProviderFactory.java:85)
	at org.apache.maven.surefire.booter.ForkedBooter.runSuitesInProcess(ForkedBooter.java:115)
	at org.apache.maven.surefire.booter.ForkedBooter.main(ForkedBooter.java:75)
Dec 21, 2018 1:32:12 PM com.mongodb.diagnostics.logging.JULLogger log
INFO: Cluster created with settings {hosts=[localhost:63408], mode=SINGLE, requiredClusterType=UNKNOWN, serverSelectionTimeout=&apos;30000 ms&apos;, maxWaitQueueSize=500}
Dec 21, 2018 1:32:12 PM com.mongodb.diagnostics.logging.JULLogger log
INFO: Cluster description not yet available. Waiting for 30000 ms before timing out
Dec 21, 2018 1:32:12 PM com.mongodb.diagnostics.logging.JULLogger log
INFO: Opened connection [connectionId{localValue:7, serverValue:1}] to localhost:63408
Dec 21, 2018 1:32:12 PM com.mongodb.diagnostics.logging.JULLogger log
INFO: Monitor thread successfully connected to server with description ServerDescription{address=localhost:63408, type=STANDALONE, state=CONNECTED, ok=true, version=ServerVersion{versionList=[3, 2, 0]}, minWireVersion=0, maxWireVersion=4, electionId=null, maxDocumentSize=16777216, roundTripTimeNanos=327650}
Dec 21, 2018 1:32:12 PM com.mongodb.diagnostics.logging.JULLogger log
INFO: Cluster created with settings {hosts=[localhost:63408], mode=SINGLE, requiredClusterType=UNKNOWN, serverSelectionTimeout=&apos;30000 ms&apos;, maxWaitQueueSize=500}
Dec 21, 2018 1:32:12 PM com.mongodb.diagnostics.logging.JULLogger log
INFO: Opened connection [connectionId{localValue:8, serverValue:2}] to localhost:63408
Dec 21, 2018 1:32:12 PM com.mongodb.diagnostics.logging.JULLogger log
INFO: Monitor thread successfully connected to server with description ServerDescription{address=localhost:63408, type=STANDALONE, state=CONNECTED, ok=true, version=ServerVersion{versionList=[3, 2, 0]}, minWireVersion=0, maxWireVersion=4, electionId=null, maxDocumentSize=16777216, roundTripTimeNanos=229013}
Dec 21, 2018 1:32:12 PM com.mongodb.diagnostics.logging.JULLogger log
INFO: Opened connection [connectionId{localValue:9, serverValue:3}] to localhost:63408
Dec 21, 2018 1:32:13 PM com.mongodb.diagnostics.logging.JULLogger log
INFO: Cluster created with settings {hosts=[localhost:63408], mode=SINGLE, requiredClusterType=UNKNOWN, serverSelectionTimeout=&apos;30000 ms&apos;, maxWaitQueueSize=500}
Dec 21, 2018 1:32:13 PM com.mongodb.diagnostics.logging.JULLogger log
INFO: Opened connection [connectionId{localValue:10, serverValue:4}] to localhost:63408
Dec 21, 2018 1:32:13 PM com.mongodb.diagnostics.logging.JULLogger log
INFO: Monitor thread successfully connected to server with description ServerDescription{address=localhost:63408, type=STANDALONE, state=CONNECTED, ok=true, version=ServerVersion{versionList=[3, 2, 0]}, minWireVersion=0, maxWireVersion=4, electionId=null, maxDocumentSize=16777216, roundTripTimeNanos=239006}
Dec 21, 2018 1:32:14 PM com.mongodb.diagnostics.logging.JULLogger log
INFO: Opened connection [connectionId{localValue:11, serverValue:5}] to localhost:63408
Dec 21, 2018 1:32:19 PM com.mongodb.diagnostics.logging.JULLogger log
INFO: Cluster created with settings {hosts=[localhost:63408], mode=SINGLE, requiredClusterType=UNKNOWN, serverSelectionTimeout=&apos;30000 ms&apos;, maxWaitQueueSize=80}
Dec 21, 2018 1:32:19 PM com.mongodb.diagnostics.logging.JULLogger log
INFO: Opened connection [connectionId{localValue:12, serverValue:6}] to localhost:63408
Dec 21, 2018 1:32:19 PM com.mongodb.diagnostics.logging.JULLogger log
INFO: Monitor thread successfully connected to server with description ServerDescription{address=localhost:63408, type=STANDALONE, state=CONNECTED, ok=true, version=ServerVersion{versionList=[3, 2, 0]}, minWireVersion=0, maxWireVersion=4, electionId=null, maxDocumentSize=16777216, roundTripTimeNanos=233565}
Dec 21, 2018 1:32:19 PM com.mongodb.diagnostics.logging.JULLogger log
INFO: Opened connection [connectionId{localValue:13, serverValue:7}] to localhost:63408
Dec 21, 2018 1:33:36 PM com.mongodb.diagnostics.logging.JULLogger log
INFO: Closed connection [connectionId{localValue:13, serverValue:7}] to localhost:63408 because the pool has been closed.
Dec 21, 2018 1:33:36 PM com.mongodb.diagnostics.logging.JULLogger log
INFO: Closed connection [connectionId{localValue:9, serverValue:3}] to localhost:63408 because the pool has been closed.
Dec 21, 2018 1:33:36 PM com.mongodb.diagnostics.logging.JULLogger log
INFO: Closed connection [connectionId{localValue:11, serverValue:5}] to localhost:63408 because the pool has been closed.
</system-err>
  </testcase>
</testsuite>